2025-01-25 15:33:59.644 [info] Reading sessions from keychain...
2025-01-25 15:33:59.644 [info] Getting sessions for all scopes...
2025-01-25 15:33:59.644 [info] Getting sessions for all scopes...
2025-01-25 15:33:59.669 [info] Getting sessions for all scopes...
2025-01-25 15:33:59.669 [info] Getting sessions for all scopes...
2025-01-25 15:33:59.669 [info] Getting sessions for all scopes...
2025-01-25 15:33:59.669 [info] Getting sessions for all scopes...
2025-01-25 15:33:59.669 [info] Getting sessions for all scopes...
2025-01-25 15:33:59.993 [info] Got 0 sessions for ...
2025-01-25 15:33:59.993 [info] Got 0 sessions for ...
2025-01-25 15:33:59.993 [info] Got 0 sessions for ...
2025-01-25 15:33:59.993 [info] Got 0 sessions for ...
2025-01-25 15:33:59.993 [info] Got 0 sessions for ...
2025-01-25 15:33:59.993 [info] Got 0 sessions for ...
2025-01-25 15:33:59.993 [info] Got 0 sessions for ...
2025-01-25 15:34:00.199 [info] Getting sessions for all scopes...
2025-01-25 15:34:00.199 [info] Got 0 sessions for ...
2025-01-25 15:34:23.912 [info] Logging in with 'any' account...
2025-01-25 15:34:23.912 [info] Logging in for the following scopes: user:email
2025-01-25 15:34:23.918 [info] Trying without local server... (user:email)
2025-01-25 15:38:32.363 [info] Exchanging code for token...
2025-01-25 15:38:32.741 [info] Token exchange success!
2025-01-25 15:38:32.741 [info] Getting user info...
2025-01-25 15:38:33.135 [info] Got account info!
2025-01-25 15:38:33.136 [info] Storing 1 sessions...
2025-01-25 15:38:33.140 [info] Reading sessions from keychain...
2025-01-25 15:38:33.140 [info] Stored 1 sessions!
2025-01-25 15:38:33.140 [info] Login success!
2025-01-25 15:38:33.168 [info] Getting sessions for all scopes...
2025-01-25 15:38:33.169 [info] Got stored sessions!
2025-01-25 15:38:33.169 [info] Got 1 verified sessions.
2025-01-25 15:38:33.169 [info] Got 1 sessions for ...
2025-01-25 15:38:47.076 [info] Getting sessions for all scopes...
2025-01-25 15:38:47.076 [info] Got 1 sessions for ...
2025-01-25 15:38:47.078 [info] Getting sessions for all scopes...
2025-01-25 15:38:47.078 [info] Got 1 sessions for ...
2025-01-25 15:38:47.078 [info] Getting sessions for read:user,repo,user:email,workflow...
2025-01-25 15:38:47.078 [info] Got 0 sessions for read:user,repo,user:email,workflow...
2025-01-25 15:38:47.083 [info] Getting sessions for read:user,repo,user:email,workflow...
2025-01-25 15:38:47.083 [info] Got 0 sessions for read:user,repo,user:email,workflow...
2025-01-25 15:38:47.084 [info] Getting sessions for read:user...
2025-01-25 15:38:47.084 [info] Got 0 sessions for read:user...
2025-01-25 15:38:47.084 [info] Getting sessions for user:email...
2025-01-25 15:38:47.084 [info] Got 1 sessions for user:email...
2025-01-25 15:38:47.085 [info] Getting sessions for user:email...
2025-01-25 15:38:47.085 [info] Got 1 sessions for user:email...
2025-01-25 15:38:47.091 [info] Getting sessions for all scopes...
2025-01-25 15:38:47.091 [info] Got 1 sessions for ...
2025-01-25 15:38:47.140 [info] Getting sessions for read:user,repo,user:email,workflow...
2025-01-25 15:38:47.141 [info] Got 0 sessions for read:user,repo,user:email,workflow...
2025-01-25 15:38:47.142 [info] Getting sessions for user:email...
2025-01-25 15:38:47.142 [info] Got 1 sessions for user:email...
2025-01-25 15:38:47.144 [info] Getting sessions for all scopes...
2025-01-25 15:38:47.144 [info] Got 1 sessions for ...
2025-01-25 15:38:47.145 [info] Getting sessions for read:user,repo,user:email,workflow...
2025-01-25 15:38:47.145 [info] Got 0 sessions for read:user,repo,user:email,workflow...
2025-01-25 15:38:47.146 [info] Getting sessions for user:email...
2025-01-25 15:38:47.147 [info] Got 1 sessions for user:email...
2025-01-25 15:38:47.427 [info] Getting sessions for all scopes...
2025-01-25 15:38:47.427 [info] Got 1 sessions for ...
2025-01-25 15:38:47.429 [info] Getting sessions for read:user,repo,user:email,workflow...
2025-01-25 15:38:47.429 [info] Got 0 sessions for read:user,repo,user:email,workflow...
2025-01-25 15:38:47.429 [info] Getting sessions for user:email...
2025-01-25 15:38:47.429 [info] Got 1 sessions for user:email...
2025-01-25 15:38:47.612 [info] Getting sessions for read:user,repo,user:email,workflow...
2025-01-25 15:38:47.612 [info] Got 0 sessions for read:user,repo,user:email,workflow...
2025-01-25 15:38:47.619 [info] Getting sessions for read:user...
2025-01-25 15:38:47.619 [info] Got 0 sessions for read:user...
2025-01-25 15:38:47.620 [info] Getting sessions for user:email...
2025-01-25 15:38:47.620 [info] Got 1 sessions for user:email...
2025-01-25 15:38:47.881 [info] Getting sessions for all scopes...
2025-01-25 15:38:47.881 [info] Got 1 sessions for ...
2025-01-25 15:38:47.881 [info] Getting sessions for all scopes...
2025-01-25 15:38:47.881 [info] Got 1 sessions for ...
2025-01-25 15:38:47.911 [info] Getting sessions for read:user,repo,user:email,workflow...
2025-01-25 15:38:47.911 [info] Got 0 sessions for read:user,repo,user:email,workflow...
2025-01-25 15:38:47.911 [info] Getting sessions for user:email...
2025-01-25 15:38:47.911 [info] Got 1 sessions for user:email...
2025-01-25 15:38:47.917 [info] Getting sessions for all scopes...
2025-01-25 15:38:47.917 [info] Got 1 sessions for ...
2025-01-25 15:38:47.919 [info] Getting sessions for read:user,repo,user:email,workflow...
2025-01-25 15:38:47.919 [info] Got 0 sessions for read:user,repo,user:email,workflow...
2025-01-25 15:38:47.921 [info] Getting sessions for user:email...
2025-01-25 15:38:47.921 [info] Got 1 sessions for user:email...
2025-01-25 15:38:48.244 [info] Getting sessions for all scopes...
2025-01-25 15:38:48.244 [info] Got 1 sessions for ...
2025-01-25 15:38:48.267 [info] Getting sessions for read:user,repo,user:email,workflow...
2025-01-25 15:38:48.267 [info] Got 0 sessions for read:user,repo,user:email,workflow...
2025-01-25 15:38:48.269 [info] Getting sessions for read:user,repo,user:email,workflow...
2025-01-25 15:38:48.269 [info] Got 0 sessions for read:user,repo,user:email,workflow...
2025-01-25 15:38:48.276 [info] Getting sessions for read:user...
2025-01-25 15:38:48.276 [info] Got 0 sessions for read:user...
2025-01-25 15:38:49.269 [info] Getting sessions for user:email...
2025-01-25 15:38:49.269 [info] Got 1 sessions for user:email...
2025-01-25 15:38:49.286 [info] Getting sessions for user:email...
2025-01-25 15:38:49.286 [info] Got 1 sessions for user:email...
2025-01-25 15:41:03.458 [info] Getting sessions for all scopes...
2025-01-25 15:41:03.459 [info] Got 1 sessions for ...
2025-01-25 15:41:03.461 [info] Getting sessions for read:user,repo,user:email,workflow...
2025-01-25 15:41:03.461 [info] Got 0 sessions for read:user,repo,user:email,workflow...
2025-01-25 15:41:03.463 [info] Getting sessions for user:email...
2025-01-25 15:41:03.463 [info] Got 1 sessions for user:email...
2025-01-25 15:41:04.151 [info] Getting sessions for all scopes...
2025-01-25 15:41:04.151 [info] Got 1 sessions for ...
2025-01-25 15:41:04.154 [info] Getting sessions for read:user,repo,user:email,workflow...
2025-01-25 15:41:04.154 [info] Got 0 sessions for read:user,repo,user:email,workflow...
2025-01-25 15:41:04.173 [info] Getting sessions for user:email...
2025-01-25 15:41:04.173 [info] Got 1 sessions for user:email...
2025-01-25 15:41:07.976 [info] Getting sessions for all scopes...
2025-01-25 15:41:07.976 [info] Got 1 sessions for ...
2025-01-25 15:41:07.985 [info] Getting sessions for read:user,repo,user:email,workflow...
2025-01-25 15:41:07.985 [info] Got 0 sessions for read:user,repo,user:email,workflow...
2025-01-25 15:41:07.991 [info] Getting sessions for user:email...
2025-01-25 15:41:07.991 [info] Got 1 sessions for user:email...
2025-01-25 15:41:08.306 [info] Getting sessions for all scopes...
2025-01-25 15:41:08.306 [info] Got 1 sessions for ...
2025-01-25 15:41:08.313 [info] Getting sessions for read:user,repo,user:email,workflow...
2025-01-25 15:41:08.313 [info] Got 0 sessions for read:user,repo,user:email,workflow...
2025-01-25 15:41:08.317 [info] Getting sessions for user:email...
2025-01-25 15:41:08.317 [info] Got 1 sessions for user:email...
2025-01-25 15:43:09.851 [info] Getting sessions for all scopes...
2025-01-25 15:43:09.851 [info] Got 1 sessions for ...
2025-01-25 15:43:09.853 [info] Getting sessions for read:user,repo,user:email,workflow...
2025-01-25 15:43:09.853 [info] Got 0 sessions for read:user,repo,user:email,workflow...
2025-01-25 15:43:09.854 [info] Getting sessions for user:email...
2025-01-25 15:43:09.854 [info] Got 1 sessions for user:email...
2025-01-25 15:43:10.535 [info] Getting sessions for all scopes...
2025-01-25 15:43:10.535 [info] Got 1 sessions for ...
2025-01-25 15:43:10.537 [info] Getting sessions for read:user,repo,user:email,workflow...
2025-01-25 15:43:10.537 [info] Got 0 sessions for read:user,repo,user:email,workflow...
2025-01-25 15:43:10.542 [info] Getting sessions for user:email...
2025-01-25 15:43:10.542 [info] Got 1 sessions for user:email...
2025-01-25 15:43:17.400 [info] Getting sessions for all scopes...
2025-01-25 15:43:17.400 [info] Got 1 sessions for ...
2025-01-25 15:43:17.507 [info] Getting sessions for read:user,repo,user:email,workflow...
2025-01-25 15:43:17.507 [info] Got 0 sessions for read:user,repo,user:email,workflow...
2025-01-25 15:43:17.509 [info] Getting sessions for user:email...
2025-01-25 15:43:17.509 [info] Got 1 sessions for user:email...
2025-01-25 15:44:35.508 [info] Getting sessions for all scopes...
2025-01-25 15:44:35.508 [info] Got 1 sessions for ...
2025-01-25 15:44:35.516 [info] Getting sessions for read:user,repo,user:email,workflow...
2025-01-25 15:44:35.516 [info] Got 0 sessions for read:user,repo,user:email,workflow...
2025-01-25 15:44:35.516 [info] Getting sessions for user:email...
2025-01-25 15:44:35.516 [info] Got 1 sessions for user:email...
2025-01-25 15:44:35.835 [info] Getting sessions for all scopes...
2025-01-25 15:44:35.835 [info] Got 1 sessions for ...
2025-01-25 15:44:35.837 [info] Getting sessions for read:user,repo,user:email,workflow...
2025-01-25 15:44:35.837 [info] Got 0 sessions for read:user,repo,user:email,workflow...
2025-01-25 15:44:35.838 [info] Getting sessions for user:email...
2025-01-25 15:44:35.838 [info] Got 1 sessions for user:email...
2025-01-25 15:44:38.843 [info] Getting sessions for all scopes...
2025-01-25 15:44:38.843 [info] Got 1 sessions for ...
2025-01-25 15:44:38.865 [info] Getting sessions for read:user,repo,user:email,workflow...
2025-01-25 15:44:38.865 [info] Got 0 sessions for read:user,repo,user:email,workflow...
2025-01-25 15:44:38.868 [info] Getting sessions for user:email...
2025-01-25 15:44:38.868 [info] Got 1 sessions for user:email...
2025-01-25 15:46:40.163 [info] Getting sessions for all scopes...
2025-01-25 15:46:40.163 [info] Got 1 sessions for ...
2025-01-25 15:46:40.165 [info] Getting sessions for read:user,repo,user:email,workflow...
2025-01-25 15:46:40.165 [info] Got 0 sessions for read:user,repo,user:email,workflow...
2025-01-25 15:46:40.169 [info] Getting sessions for user:email...
2025-01-25 15:46:40.169 [info] Got 1 sessions for user:email...
2025-01-25 15:46:42.437 [info] Getting sessions for all scopes...
2025-01-25 15:46:42.437 [info] Got 1 sessions for ...
2025-01-25 15:46:42.438 [info] Getting sessions for read:user,repo,user:email,workflow...
2025-01-25 15:46:42.438 [info] Got 0 sessions for read:user,repo,user:email,workflow...
2025-01-25 15:46:42.440 [info] Getting sessions for user:email...
2025-01-25 15:46:42.440 [info] Got 1 sessions for user:email...
2025-01-25 15:46:46.420 [info] Getting sessions for all scopes...
2025-01-25 15:46:46.420 [info] Got 1 sessions for ...
2025-01-25 15:46:46.457 [info] Getting sessions for read:user,repo,user:email,workflow...
2025-01-25 15:46:46.457 [info] Got 0 sessions for read:user,repo,user:email,workflow...
2025-01-25 15:46:46.478 [info] Getting sessions for user:email...
2025-01-25 15:46:46.478 [info] Got 1 sessions for user:email...
2025-01-25 15:47:55.359 [info] Getting sessions for all scopes...
2025-01-25 15:47:55.359 [info] Got 1 sessions for ...
2025-01-25 15:47:55.371 [info] Getting sessions for read:user,repo,user:email,workflow...
2025-01-25 15:47:55.371 [info] Got 0 sessions for read:user,repo,user:email,workflow...
2025-01-25 15:47:55.371 [info] Getting sessions for user:email...
2025-01-25 15:47:55.371 [info] Got 1 sessions for user:email...
2025-01-25 15:47:55.816 [info] Getting sessions for all scopes...
2025-01-25 15:47:55.816 [info] Got 1 sessions for ...
2025-01-25 15:47:55.818 [info] Getting sessions for read:user,repo,user:email,workflow...
2025-01-25 15:47:55.818 [info] Got 0 sessions for read:user,repo,user:email,workflow...
2025-01-25 15:47:55.820 [info] Getting sessions for user:email...
2025-01-25 15:47:55.820 [info] Got 1 sessions for user:email...
2025-01-25 15:47:56.461 [info] Getting sessions for all scopes...
2025-01-25 15:47:56.461 [info] Got 1 sessions for ...
2025-01-25 15:47:56.477 [info] Getting sessions for read:user,repo,user:email,workflow...
2025-01-25 15:47:56.477 [info] Got 0 sessions for read:user,repo,user:email,workflow...
2025-01-25 15:47:56.481 [info] Getting sessions for user:email...
2025-01-25 15:47:56.481 [info] Got 1 sessions for user:email...
2025-01-25 15:48:33.830 [info] Getting sessions for all scopes...
2025-01-25 15:48:33.830 [info] Got 1 sessions for ...
2025-01-25 15:48:33.886 [info] Getting sessions for read:user,repo,user:email,workflow...
2025-01-25 15:48:33.886 [info] Got 0 sessions for read:user,repo,user:email,workflow...
2025-01-25 15:48:33.889 [info] Getting sessions for user:email...
2025-01-25 15:48:33.889 [info] Got 1 sessions for user:email...
2025-01-25 15:48:35.287 [info] Getting sessions for all scopes...
2025-01-25 15:48:35.287 [info] Got 1 sessions for ...
2025-01-25 15:48:35.291 [info] Getting sessions for read:user,repo,user:email,workflow...
2025-01-25 15:48:35.291 [info] Got 0 sessions for read:user,repo,user:email,workflow...
2025-01-25 15:48:35.292 [info] Getting sessions for user:email...
2025-01-25 15:48:35.293 [info] Got 1 sessions for user:email...
2025-01-25 15:48:37.524 [info] Getting sessions for all scopes...
2025-01-25 15:48:37.524 [info] Got 1 sessions for ...
2025-01-25 15:48:37.570 [info] Getting sessions for read:user,repo,user:email,workflow...
2025-01-25 15:48:37.570 [info] Got 0 sessions for read:user,repo,user:email,workflow...
2025-01-25 15:48:37.575 [info] Getting sessions for user:email...
2025-01-25 15:48:37.575 [info] Got 1 sessions for user:email...
2025-01-25 15:49:05.713 [info] Getting sessions for all scopes...
2025-01-25 15:49:05.715 [info] Got 1 sessions for ...
2025-01-25 15:49:05.716 [info] Getting sessions for read:user,repo,user:email,workflow...
2025-01-25 15:49:05.716 [info] Got 0 sessions for read:user,repo,user:email,workflow...
2025-01-25 15:49:05.720 [info] Getting sessions for user:email...
2025-01-25 15:49:05.720 [info] Got 1 sessions for user:email...
2025-01-25 15:49:05.916 [info] Getting sessions for all scopes...
2025-01-25 15:49:05.916 [info] Got 1 sessions for ...
2025-01-25 15:49:05.919 [info] Getting sessions for read:user,repo,user:email,workflow...
2025-01-25 15:49:05.919 [info] Got 0 sessions for read:user,repo,user:email,workflow...
2025-01-25 15:49:05.921 [info] Getting sessions for user:email...
2025-01-25 15:49:05.921 [info] Got 1 sessions for user:email...
2025-01-25 15:49:07.735 [info] Getting sessions for all scopes...
2025-01-25 15:49:07.735 [info] Got 1 sessions for ...
2025-01-25 15:49:07.737 [info] Getting sessions for read:user,repo,user:email,workflow...
2025-01-25 15:49:07.737 [info] Got 0 sessions for read:user,repo,user:email,workflow...
2025-01-25 15:49:07.739 [info] Getting sessions for user:email...
2025-01-25 15:49:07.739 [info] Got 1 sessions for user:email...
2025-01-25 15:49:09.902 [info] Getting sessions for all scopes...
2025-01-25 15:49:09.902 [info] Got 1 sessions for ...
2025-01-25 15:49:09.943 [info] Getting sessions for read:user,repo,user:email,workflow...
2025-01-25 15:49:09.943 [info] Got 0 sessions for read:user,repo,user:email,workflow...
2025-01-25 15:49:09.945 [info] Getting sessions for user:email...
2025-01-25 15:49:09.945 [info] Got 1 sessions for user:email...
2025-01-25 15:49:24.819 [info] Getting sessions for all scopes...
2025-01-25 15:49:24.819 [info] Got 1 sessions for ...
2025-01-25 15:49:24.821 [info] Getting sessions for read:user,repo,user:email,workflow...
2025-01-25 15:49:24.821 [info] Got 0 sessions for read:user,repo,user:email,workflow...
2025-01-25 15:49:24.825 [info] Getting sessions for user:email...
2025-01-25 15:49:24.825 [info] Got 1 sessions for user:email...
2025-01-25 15:49:28.662 [info] Getting sessions for all scopes...
2025-01-25 15:49:28.662 [info] Got 1 sessions for ...
2025-01-25 15:49:28.664 [info] Getting sessions for read:user,repo,user:email,workflow...
2025-01-25 15:49:28.664 [info] Got 0 sessions for read:user,repo,user:email,workflow...
2025-01-25 15:49:28.666 [info] Getting sessions for user:email...
2025-01-25 15:49:28.666 [info] Got 1 sessions for user:email...
2025-01-25 15:49:33.511 [info] Getting sessions for all scopes...
2025-01-25 15:49:33.511 [info] Got 1 sessions for ...
2025-01-25 15:49:33.552 [info] Getting sessions for read:user,repo,user:email,workflow...
2025-01-25 15:49:33.552 [info] Got 0 sessions for read:user,repo,user:email,workflow...
2025-01-25 15:49:33.674 [info] Getting sessions for user:email...
2025-01-25 15:49:33.674 [info] Got 1 sessions for user:email...
2025-01-25 15:51:43.965 [info] Getting sessions for all scopes...
2025-01-25 15:51:43.965 [info] Got 1 sessions for ...
2025-01-25 15:51:43.967 [info] Getting sessions for read:user,repo,user:email,workflow...
2025-01-25 15:51:43.967 [info] Got 0 sessions for read:user,repo,user:email,workflow...
2025-01-25 15:51:43.967 [info] Getting sessions for user:email...
2025-01-25 15:51:43.967 [info] Got 1 sessions for user:email...
2025-01-25 15:51:45.355 [info] Getting sessions for all scopes...
2025-01-25 15:51:45.355 [info] Got 1 sessions for ...
2025-01-25 15:51:45.358 [info] Getting sessions for read:user,repo,user:email,workflow...
2025-01-25 15:51:45.358 [info] Got 0 sessions for read:user,repo,user:email,workflow...
2025-01-25 15:51:45.359 [info] Getting sessions for user:email...
2025-01-25 15:51:45.359 [info] Got 1 sessions for user:email...
2025-01-25 15:51:47.644 [info] Getting sessions for all scopes...
2025-01-25 15:51:47.644 [info] Got 1 sessions for ...
2025-01-25 15:51:47.685 [info] Getting sessions for read:user,repo,user:email,workflow...
2025-01-25 15:51:47.685 [info] Got 0 sessions for read:user,repo,user:email,workflow...
2025-01-25 15:51:47.688 [info] Getting sessions for user:email...
2025-01-25 15:51:47.688 [info] Got 1 sessions for user:email...
2025-01-25 15:52:45.137 [info] Getting sessions for all scopes...
2025-01-25 15:52:45.137 [info] Got 1 sessions for ...
2025-01-25 15:52:45.140 [info] Getting sessions for read:user,repo,user:email,workflow...
2025-01-25 15:52:45.141 [info] Got 0 sessions for read:user,repo,user:email,workflow...
2025-01-25 15:52:45.142 [info] Getting sessions for user:email...
2025-01-25 15:52:45.142 [info] Got 1 sessions for user:email...
2025-01-25 15:52:45.738 [info] Getting sessions for all scopes...
2025-01-25 15:52:45.738 [info] Got 1 sessions for ...
2025-01-25 15:52:45.742 [info] Getting sessions for read:user,repo,user:email,workflow...
2025-01-25 15:52:45.742 [info] Got 0 sessions for read:user,repo,user:email,workflow...
2025-01-25 15:52:45.746 [info] Getting sessions for user:email...
2025-01-25 15:52:45.746 [info] Got 1 sessions for user:email...
2025-01-25 15:52:46.551 [info] Getting sessions for all scopes...
2025-01-25 15:52:46.551 [info] Got 1 sessions for ...
2025-01-25 15:52:46.566 [info] Getting sessions for read:user,repo,user:email,workflow...
2025-01-25 15:52:46.566 [info] Got 0 sessions for read:user,repo,user:email,workflow...
2025-01-25 15:52:46.569 [info] Getting sessions for user:email...
2025-01-25 15:52:46.569 [info] Got 1 sessions for user:email...
2025-01-25 15:53:03.961 [info] Getting sessions for all scopes...
2025-01-25 15:53:03.961 [info] Got 1 sessions for ...
2025-01-25 15:53:03.963 [info] Getting sessions for read:user,repo,user:email,workflow...
2025-01-25 15:53:03.963 [info] Got 0 sessions for read:user,repo,user:email,workflow...
2025-01-25 15:53:03.965 [info] Getting sessions for user:email...
2025-01-25 15:53:03.965 [info] Got 1 sessions for user:email...
2025-01-25 15:53:04.536 [info] Getting sessions for all scopes...
2025-01-25 15:53:04.536 [info] Got 1 sessions for ...
2025-01-25 15:53:04.537 [info] Getting sessions for read:user,repo,user:email,workflow...
2025-01-25 15:53:04.537 [info] Got 0 sessions for read:user,repo,user:email,workflow...
2025-01-25 15:53:04.538 [info] Getting sessions for user:email...
2025-01-25 15:53:04.538 [info] Got 1 sessions for user:email...
2025-01-25 15:53:08.279 [info] Getting sessions for all scopes...
2025-01-25 15:53:08.279 [info] Got 1 sessions for ...
2025-01-25 15:53:08.305 [info] Getting sessions for read:user,repo,user:email,workflow...
2025-01-25 15:53:08.305 [info] Got 0 sessions for read:user,repo,user:email,workflow...
2025-01-25 15:53:08.306 [info] Getting sessions for user:email...
2025-01-25 15:53:08.306 [info] Got 1 sessions for user:email...
2025-01-25 15:53:49.303 [info] Getting sessions for all scopes...
2025-01-25 15:53:49.303 [info] Got 1 sessions for ...
2025-01-25 15:53:49.305 [info] Getting sessions for read:user,repo,user:email,workflow...
2025-01-25 15:53:49.305 [info] Got 0 sessions for read:user,repo,user:email,workflow...
2025-01-25 15:53:49.307 [info] Getting sessions for user:email...
2025-01-25 15:53:49.307 [info] Got 1 sessions for user:email...
2025-01-25 15:54:25.743 [info] Getting sessions for all scopes...
2025-01-25 15:54:25.743 [info] Got 1 sessions for ...
2025-01-25 15:54:25.747 [info] Getting sessions for read:user,repo,user:email,workflow...
2025-01-25 15:54:25.747 [info] Got 0 sessions for read:user,repo,user:email,workflow...
2025-01-25 15:54:25.749 [info] Getting sessions for user:email...
2025-01-25 15:54:25.749 [info] Got 1 sessions for user:email...
2025-01-25 15:54:27.909 [info] Getting sessions for all scopes...
2025-01-25 15:54:27.909 [info] Got 1 sessions for ...
2025-01-25 15:54:27.909 [info] Getting sessions for read:user,repo,user:email,workflow...
2025-01-25 15:54:27.909 [info] Got 0 sessions for read:user,repo,user:email,workflow...
2025-01-25 15:54:27.909 [info] Getting sessions for user:email...
2025-01-25 15:54:27.909 [info] Got 1 sessions for user:email...
2025-01-25 15:54:30.371 [info] Getting sessions for all scopes...
2025-01-25 15:54:30.371 [info] Got 1 sessions for ...
2025-01-25 15:54:30.389 [info] Getting sessions for read:user,repo,user:email,workflow...
2025-01-25 15:54:30.389 [info] Got 0 sessions for read:user,repo,user:email,workflow...
2025-01-25 15:54:30.393 [info] Getting sessions for user:email...
2025-01-25 15:54:30.393 [info] Got 1 sessions for user:email...
2025-01-25 15:57:04.819 [info] Getting sessions for all scopes...
2025-01-25 15:57:04.819 [info] Got 1 sessions for ...
2025-01-25 15:57:04.850 [info] Getting sessions for read:user,repo,user:email,workflow...
2025-01-25 15:57:04.850 [info] Got 0 sessions for read:user,repo,user:email,workflow...
2025-01-25 15:57:04.852 [info] Getting sessions for user:email...
2025-01-25 15:57:04.852 [info] Got 1 sessions for user:email...
2025-01-25 15:57:08.108 [info] Getting sessions for all scopes...
2025-01-25 15:57:08.108 [info] Got 1 sessions for ...
2025-01-25 15:57:08.109 [info] Getting sessions for read:user,repo,user:email,workflow...
2025-01-25 15:57:08.109 [info] Got 0 sessions for read:user,repo,user:email,workflow...
2025-01-25 15:57:08.110 [info] Getting sessions for user:email...
2025-01-25 15:57:08.110 [info] Got 1 sessions for user:email...
2025-01-25 15:57:12.714 [info] Getting sessions for all scopes...
2025-01-25 15:57:12.714 [info] Got 1 sessions for ...
2025-01-25 15:57:12.775 [info] Getting sessions for read:user,repo,user:email,workflow...
2025-01-25 15:57:12.775 [info] Got 0 sessions for read:user,repo,user:email,workflow...
2025-01-25 15:57:12.796 [info] Getting sessions for user:email...
2025-01-25 15:57:12.796 [info] Got 1 sessions for user:email...
2025-01-25 15:59:17.975 [info] Getting sessions for all scopes...
2025-01-25 15:59:17.975 [info] Got 1 sessions for ...
2025-01-25 15:59:17.980 [info] Getting sessions for read:user,repo,user:email,workflow...
2025-01-25 15:59:17.980 [info] Got 0 sessions for read:user,repo,user:email,workflow...
2025-01-25 15:59:17.981 [info] Getting sessions for user:email...
2025-01-25 15:59:17.981 [info] Got 1 sessions for user:email...
2025-01-25 15:59:18.411 [info] Getting sessions for all scopes...
2025-01-25 15:59:18.411 [info] Got 1 sessions for ...
2025-01-25 15:59:18.413 [info] Getting sessions for read:user,repo,user:email,workflow...
2025-01-25 15:59:18.413 [info] Got 0 sessions for read:user,repo,user:email,workflow...
2025-01-25 15:59:18.415 [info] Getting sessions for user:email...
2025-01-25 15:59:18.415 [info] Got 1 sessions for user:email...
2025-01-25 15:59:19.092 [info] Getting sessions for all scopes...
2025-01-25 15:59:19.092 [info] Got 1 sessions for ...
2025-01-25 15:59:19.093 [info] Getting sessions for read:user,repo,user:email,workflow...
2025-01-25 15:59:19.093 [info] Got 0 sessions for read:user,repo,user:email,workflow...
2025-01-25 15:59:19.093 [info] Getting sessions for user:email...
2025-01-25 15:59:19.093 [info] Got 1 sessions for user:email...
2025-01-25 15:59:20.076 [info] Getting sessions for all scopes...
2025-01-25 15:59:20.076 [info] Got 1 sessions for ...
2025-01-25 15:59:20.089 [info] Getting sessions for read:user,repo,user:email,workflow...
2025-01-25 15:59:20.089 [info] Got 0 sessions for read:user,repo,user:email,workflow...
2025-01-25 15:59:20.091 [info] Getting sessions for user:email...
2025-01-25 15:59:20.091 [info] Got 1 sessions for user:email...
2025-01-25 15:59:33.411 [info] Getting sessions for all scopes...
2025-01-25 15:59:33.411 [info] Got 1 sessions for ...
2025-01-25 15:59:33.416 [info] Getting sessions for read:user,repo,user:email,workflow...
2025-01-25 15:59:33.416 [info] Got 0 sessions for read:user,repo,user:email,workflow...
2025-01-25 15:59:33.425 [info] Getting sessions for user:email...
2025-01-25 15:59:33.426 [info] Got 1 sessions for user:email...
2025-01-25 15:59:35.745 [info] Getting sessions for all scopes...
2025-01-25 15:59:35.745 [info] Got 1 sessions for ...
2025-01-25 15:59:35.746 [info] Getting sessions for read:user,repo,user:email,workflow...
2025-01-25 15:59:35.746 [info] Got 0 sessions for read:user,repo,user:email,workflow...
2025-01-25 15:59:35.748 [info] Getting sessions for user:email...
2025-01-25 15:59:35.748 [info] Got 1 sessions for user:email...
2025-01-25 15:59:39.298 [info] Getting sessions for all scopes...
2025-01-25 15:59:39.298 [info] Got 1 sessions for ...
2025-01-25 15:59:39.315 [info] Getting sessions for read:user,repo,user:email,workflow...
2025-01-25 15:59:39.315 [info] Got 0 sessions for read:user,repo,user:email,workflow...
2025-01-25 15:59:39.321 [info] Getting sessions for user:email...
2025-01-25 15:59:39.321 [info] Got 1 sessions for user:email...
2025-01-25 16:00:42.833 [info] Getting sessions for all scopes...
2025-01-25 16:00:42.833 [info] Got 1 sessions for ...
2025-01-25 16:00:42.839 [info] Getting sessions for read:user,repo,user:email,workflow...
2025-01-25 16:00:42.839 [info] Got 0 sessions for read:user,repo,user:email,workflow...
2025-01-25 16:00:42.840 [info] Getting sessions for user:email...
2025-01-25 16:00:42.840 [info] Got 1 sessions for user:email...
2025-01-25 16:00:45.224 [info] Getting sessions for all scopes...
2025-01-25 16:00:45.224 [info] Got 1 sessions for ...
2025-01-25 16:00:45.227 [info] Getting sessions for read:user,repo,user:email,workflow...
2025-01-25 16:00:45.227 [info] Got 0 sessions for read:user,repo,user:email,workflow...
2025-01-25 16:00:45.229 [info] Getting sessions for user:email...
2025-01-25 16:00:45.229 [info] Got 1 sessions for user:email...
2025-01-25 16:00:48.935 [info] Getting sessions for all scopes...
2025-01-25 16:00:48.935 [info] Got 1 sessions for ...
2025-01-25 16:00:48.966 [info] Getting sessions for read:user,repo,user:email,workflow...
2025-01-25 16:00:48.966 [info] Got 0 sessions for read:user,repo,user:email,workflow...
2025-01-25 16:00:48.968 [info] Getting sessions for user:email...
2025-01-25 16:00:48.969 [info] Got 1 sessions for user:email...
2025-01-25 16:02:14.580 [info] Getting sessions for all scopes...
2025-01-25 16:02:14.580 [info] Got 1 sessions for ...
2025-01-25 16:02:14.587 [info] Getting sessions for read:user,repo,user:email,workflow...
2025-01-25 16:02:14.587 [info] Got 0 sessions for read:user,repo,user:email,workflow...
2025-01-25 16:02:14.590 [info] Getting sessions for user:email...
2025-01-25 16:02:14.590 [info] Got 1 sessions for user:email...
2025-01-25 16:02:16.164 [info] Getting sessions for all scopes...
2025-01-25 16:02:16.164 [info] Got 1 sessions for ...
2025-01-25 16:02:16.165 [info] Getting sessions for read:user,repo,user:email,workflow...
2025-01-25 16:02:16.165 [info] Got 0 sessions for read:user,repo,user:email,workflow...
2025-01-25 16:02:16.167 [info] Getting sessions for user:email...
2025-01-25 16:02:16.167 [info] Got 1 sessions for user:email...
2025-01-25 16:02:18.835 [info] Getting sessions for all scopes...
2025-01-25 16:02:18.835 [info] Got 1 sessions for ...
2025-01-25 16:02:18.875 [info] Getting sessions for read:user,repo,user:email,workflow...
2025-01-25 16:02:18.876 [info] Got 0 sessions for read:user,repo,user:email,workflow...
2025-01-25 16:02:18.877 [info] Getting sessions for user:email...
2025-01-25 16:02:18.877 [info] Got 1 sessions for user:email...
2025-01-25 16:03:47.655 [info] Getting sessions for read:user,repo,user:email,workflow...
2025-01-25 16:03:47.655 [info] Got 0 sessions for read:user,repo,user:email,workflow...
2025-01-25 16:03:47.657 [info] Getting sessions for read:user...
2025-01-25 16:03:47.657 [info] Got 0 sessions for read:user...
2025-01-25 16:03:47.660 [info] Getting sessions for user:email...
2025-01-25 16:03:47.660 [info] Got 1 sessions for user:email...
2025-01-25 16:03:47.793 [info] Getting sessions for all scopes...
2025-01-25 16:03:47.793 [info] Got 1 sessions for ...
2025-01-25 16:03:47.802 [info] Getting sessions for read:user,repo,user:email,workflow...
2025-01-25 16:03:47.802 [info] Got 0 sessions for read:user,repo,user:email,workflow...
2025-01-25 16:03:47.804 [info] Getting sessions for user:email...
2025-01-25 16:03:47.804 [info] Got 1 sessions for user:email...
2025-01-25 16:03:48.427 [info] Getting sessions for all scopes...
2025-01-25 16:03:48.427 [info] Got 1 sessions for ...
2025-01-25 16:03:48.427 [info] Getting sessions for all scopes...
2025-01-25 16:03:48.427 [info] Got 1 sessions for ...
2025-01-25 16:03:48.428 [info] Getting sessions for read:user,repo,user:email,workflow...
2025-01-25 16:03:48.428 [info] Got 0 sessions for read:user,repo,user:email,workflow...
2025-01-25 16:03:48.429 [info] Getting sessions for user:email...
2025-01-25 16:03:48.429 [info] Got 1 sessions for user:email...
2025-01-25 16:03:48.431 [info] Getting sessions for all scopes...
2025-01-25 16:03:48.431 [info] Got 1 sessions for ...
2025-01-25 16:03:48.433 [info] Getting sessions for read:user,repo,user:email,workflow...
2025-01-25 16:03:48.433 [info] Got 0 sessions for read:user,repo,user:email,workflow...
2025-01-25 16:03:48.434 [info] Getting sessions for user:email...
2025-01-25 16:03:48.434 [info] Got 1 sessions for user:email...
2025-01-25 16:03:48.441 [info] Getting sessions for all scopes...
2025-01-25 16:03:48.441 [info] Got 1 sessions for ...
2025-01-25 16:03:48.442 [info] Getting sessions for read:user,repo,user:email,workflow...
2025-01-25 16:03:48.442 [info] Got 0 sessions for read:user,repo,user:email,workflow...
2025-01-25 16:03:48.444 [info] Getting sessions for user:email...
2025-01-25 16:03:48.444 [info] Got 1 sessions for user:email...
2025-01-25 16:04:26.982 [info] Getting sessions for all scopes...
2025-01-25 16:04:26.982 [info] Got 1 sessions for ...
2025-01-25 16:04:26.984 [info] Getting sessions for read:user,repo,user:email,workflow...
2025-01-25 16:04:26.984 [info] Got 0 sessions for read:user,repo,user:email,workflow...
2025-01-25 16:04:26.987 [info] Getting sessions for user:email...
2025-01-25 16:04:26.987 [info] Got 1 sessions for user:email...
2025-01-25 16:04:30.191 [info] Getting sessions for all scopes...
2025-01-25 16:04:30.191 [info] Got 1 sessions for ...
2025-01-25 16:04:30.198 [info] Getting sessions for read:user,repo,user:email,workflow...
2025-01-25 16:04:30.198 [info] Got 0 sessions for read:user,repo,user:email,workflow...
2025-01-25 16:04:30.198 [info] Getting sessions for user:email...
2025-01-25 16:04:30.198 [info] Got 1 sessions for user:email...
2025-01-25 16:04:34.846 [info] Getting sessions for all scopes...
2025-01-25 16:04:34.846 [info] Got 1 sessions for ...
2025-01-25 16:04:34.870 [info] Getting sessions for read:user,repo,user:email,workflow...
2025-01-25 16:04:34.870 [info] Got 0 sessions for read:user,repo,user:email,workflow...
2025-01-25 16:04:34.872 [info] Getting sessions for user:email...
2025-01-25 16:04:34.872 [info] Got 1 sessions for user:email...
2025-01-25 16:18:48.539 [info] Getting sessions for all scopes...
2025-01-25 16:18:48.539 [info] Got 1 sessions for ...
2025-01-25 16:18:48.540 [info] Getting sessions for read:user,repo,user:email,workflow...
2025-01-25 16:18:48.540 [info] Got 0 sessions for read:user,repo,user:email,workflow...
2025-01-25 16:18:48.541 [info] Getting sessions for user:email...
2025-01-25 16:18:48.541 [info] Got 1 sessions for user:email...
2025-01-25 16:18:48.543 [info] Getting sessions for all scopes...
2025-01-25 16:18:48.543 [info] Got 1 sessions for ...
2025-01-25 16:18:48.544 [info] Getting sessions for read:user,repo,user:email,workflow...
2025-01-25 16:18:48.544 [info] Got 0 sessions for read:user,repo,user:email,workflow...
2025-01-25 16:18:48.545 [info] Getting sessions for user:email...
2025-01-25 16:18:48.545 [info] Got 1 sessions for user:email...
2025-01-25 16:19:44.344 [info] Getting sessions for all scopes...
2025-01-25 16:19:44.344 [info] Got 1 sessions for ...
2025-01-25 16:19:44.384 [info] Getting sessions for read:user,repo,user:email,workflow...
2025-01-25 16:19:44.384 [info] Got 0 sessions for read:user,repo,user:email,workflow...
2025-01-25 16:19:44.387 [info] Getting sessions for user:email...
2025-01-25 16:19:44.387 [info] Got 1 sessions for user:email...
2025-01-25 16:19:48.295 [info] Getting sessions for all scopes...
2025-01-25 16:19:48.295 [info] Got 1 sessions for ...
2025-01-25 16:19:48.297 [info] Getting sessions for read:user,repo,user:email,workflow...
2025-01-25 16:19:48.297 [info] Got 0 sessions for read:user,repo,user:email,workflow...
2025-01-25 16:19:48.298 [info] Getting sessions for user:email...
2025-01-25 16:19:48.298 [info] Got 1 sessions for user:email...
2025-01-25 16:19:52.502 [info] Getting sessions for all scopes...
2025-01-25 16:19:52.502 [info] Got 1 sessions for ...
2025-01-25 16:19:52.523 [info] Getting sessions for read:user,repo,user:email,workflow...
2025-01-25 16:19:52.523 [info] Got 0 sessions for read:user,repo,user:email,workflow...
2025-01-25 16:19:52.524 [info] Getting sessions for user:email...
2025-01-25 16:19:52.524 [info] Got 1 sessions for user:email...
2025-01-25 16:21:59.565 [info] Getting sessions for all scopes...
2025-01-25 16:21:59.565 [info] Got 1 sessions for ...
2025-01-25 16:21:59.567 [info] Getting sessions for read:user,repo,user:email,workflow...
2025-01-25 16:21:59.567 [info] Got 0 sessions for read:user,repo,user:email,workflow...
2025-01-25 16:21:59.571 [info] Getting sessions for user:email...
2025-01-25 16:21:59.572 [info] Got 1 sessions for user:email...
2025-01-25 16:22:02.323 [info] Getting sessions for all scopes...
2025-01-25 16:22:02.323 [info] Got 1 sessions for ...
2025-01-25 16:22:02.330 [info] Getting sessions for read:user,repo,user:email,workflow...
2025-01-25 16:22:02.330 [info] Got 0 sessions for read:user,repo,user:email,workflow...
2025-01-25 16:22:02.331 [info] Getting sessions for user:email...
2025-01-25 16:22:02.332 [info] Got 1 sessions for user:email...
2025-01-25 16:22:05.394 [info] Getting sessions for all scopes...
2025-01-25 16:22:05.394 [info] Got 1 sessions for ...
2025-01-25 16:22:05.416 [info] Getting sessions for read:user,repo,user:email,workflow...
2025-01-25 16:22:05.416 [info] Got 0 sessions for read:user,repo,user:email,workflow...
2025-01-25 16:22:05.419 [info] Getting sessions for user:email...
2025-01-25 16:22:05.419 [info] Got 1 sessions for user:email...
2025-01-25 16:22:48.100 [info] Getting sessions for all scopes...
2025-01-25 16:22:48.100 [info] Got 1 sessions for ...
2025-01-25 16:22:48.100 [info] Getting sessions for read:user,repo,user:email,workflow...
2025-01-25 16:22:48.100 [info] Got 0 sessions for read:user,repo,user:email,workflow...
2025-01-25 16:22:48.104 [info] Getting sessions for user:email...
2025-01-25 16:22:48.105 [info] Got 1 sessions for user:email...
2025-01-25 16:22:51.473 [info] Getting sessions for all scopes...
2025-01-25 16:22:51.473 [info] Got 1 sessions for ...
2025-01-25 16:22:51.479 [info] Getting sessions for read:user,repo,user:email,workflow...
2025-01-25 16:22:51.479 [info] Got 0 sessions for read:user,repo,user:email,workflow...
2025-01-25 16:22:51.482 [info] Getting sessions for user:email...
2025-01-25 16:22:51.482 [info] Got 1 sessions for user:email...
2025-01-25 16:22:57.019 [info] Getting sessions for all scopes...
2025-01-25 16:22:57.019 [info] Got 1 sessions for ...
2025-01-25 16:22:57.066 [info] Getting sessions for read:user,repo,user:email,workflow...
2025-01-25 16:22:57.066 [info] Got 0 sessions for read:user,repo,user:email,workflow...
2025-01-25 16:22:57.128 [info] Getting sessions for user:email...
2025-01-25 16:22:57.128 [info] Got 1 sessions for user:email...
2025-01-25 16:25:35.569 [info] Getting sessions for all scopes...
2025-01-25 16:25:35.569 [info] Got 1 sessions for ...
2025-01-25 16:25:35.584 [info] Getting sessions for read:user,repo,user:email,workflow...
2025-01-25 16:25:35.584 [info] Got 0 sessions for read:user,repo,user:email,workflow...
2025-01-25 16:25:35.584 [info] Getting sessions for user:email...
2025-01-25 16:25:35.584 [info] Got 1 sessions for user:email...
2025-01-25 16:25:38.452 [info] Getting sessions for all scopes...
2025-01-25 16:25:38.452 [info] Got 1 sessions for ...
2025-01-25 16:25:38.453 [info] Getting sessions for read:user,repo,user:email,workflow...
2025-01-25 16:25:38.453 [info] Got 0 sessions for read:user,repo,user:email,workflow...
2025-01-25 16:25:38.455 [info] Getting sessions for user:email...
2025-01-25 16:25:38.455 [info] Got 1 sessions for user:email...
2025-01-25 16:25:42.615 [info] Getting sessions for all scopes...
2025-01-25 16:25:42.615 [info] Got 1 sessions for ...
2025-01-25 16:25:42.639 [info] Getting sessions for read:user,repo,user:email,workflow...
2025-01-25 16:25:42.639 [info] Got 0 sessions for read:user,repo,user:email,workflow...
2025-01-25 16:25:42.639 [info] Getting sessions for user:email...
2025-01-25 16:25:42.639 [info] Got 1 sessions for user:email...
2025-01-25 16:28:08.847 [info] Getting sessions for all scopes...
2025-01-25 16:28:08.847 [info] Got 1 sessions for ...
2025-01-25 16:28:08.873 [info] Getting sessions for read:user,repo,user:email,workflow...
2025-01-25 16:28:08.873 [info] Got 0 sessions for read:user,repo,user:email,workflow...
2025-01-25 16:28:08.873 [info] Getting sessions for user:email...
2025-01-25 16:28:08.873 [info] Got 1 sessions for user:email...
2025-01-25 16:28:12.499 [info] Getting sessions for all scopes...
2025-01-25 16:28:12.499 [info] Got 1 sessions for ...
2025-01-25 16:28:12.504 [info] Getting sessions for read:user,repo,user:email,workflow...
2025-01-25 16:28:12.504 [info] Got 0 sessions for read:user,repo,user:email,workflow...
2025-01-25 16:28:12.505 [info] Getting sessions for user:email...
2025-01-25 16:28:12.505 [info] Got 1 sessions for user:email...
2025-01-25 16:28:16.780 [info] Getting sessions for all scopes...
2025-01-25 16:28:16.780 [info] Got 1 sessions for ...
2025-01-25 16:28:16.806 [info] Getting sessions for read:user,repo,user:email,workflow...
2025-01-25 16:28:16.806 [info] Got 0 sessions for read:user,repo,user:email,workflow...
2025-01-25 16:28:16.814 [info] Getting sessions for user:email...
2025-01-25 16:28:16.814 [info] Got 1 sessions for user:email...
2025-01-25 16:28:48.057 [info] Getting sessions for read:user,repo,user:email,workflow...
2025-01-25 16:28:48.057 [info] Got 0 sessions for read:user,repo,user:email,workflow...
2025-01-25 16:28:48.058 [info] Getting sessions for read:user...
2025-01-25 16:28:48.058 [info] Got 0 sessions for read:user...
2025-01-25 16:28:48.060 [info] Getting sessions for user:email...
2025-01-25 16:28:48.060 [info] Got 1 sessions for user:email...
2025-01-25 16:28:48.431 [info] Getting sessions for all scopes...
2025-01-25 16:28:48.431 [info] Got 1 sessions for ...
2025-01-25 16:28:48.432 [info] Getting sessions for read:user,repo,user:email,workflow...
2025-01-25 16:28:48.432 [info] Got 0 sessions for read:user,repo,user:email,workflow...
2025-01-25 16:28:48.434 [info] Getting sessions for user:email...
2025-01-25 16:28:48.434 [info] Got 1 sessions for user:email...
2025-01-25 16:28:49.000 [info] Getting sessions for all scopes...
2025-01-25 16:28:49.000 [info] Got 1 sessions for ...
2025-01-25 16:28:49.000 [info] Getting sessions for all scopes...
2025-01-25 16:28:49.000 [info] Got 1 sessions for ...
2025-01-25 16:28:49.004 [info] Getting sessions for read:user,repo,user:email,workflow...
2025-01-25 16:28:49.004 [info] Got 0 sessions for read:user,repo,user:email,workflow...
2025-01-25 16:28:49.005 [info] Getting sessions for user:email...
2025-01-25 16:28:49.005 [info] Got 1 sessions for user:email...
2025-01-25 16:28:49.006 [info] Getting sessions for all scopes...
2025-01-25 16:28:49.006 [info] Got 1 sessions for ...
2025-01-25 16:28:49.023 [info] Getting sessions for read:user,repo,user:email,workflow...
2025-01-25 16:28:49.023 [info] Got 0 sessions for read:user,repo,user:email,workflow...
2025-01-25 16:28:49.025 [info] Getting sessions for user:email...
2025-01-25 16:28:49.025 [info] Got 1 sessions for user:email...
2025-01-25 16:28:49.028 [info] Getting sessions for all scopes...
2025-01-25 16:28:49.028 [info] Got 1 sessions for ...
2025-01-25 16:28:49.029 [info] Getting sessions for read:user,repo,user:email,workflow...
2025-01-25 16:28:49.029 [info] Got 0 sessions for read:user,repo,user:email,workflow...
2025-01-25 16:28:49.031 [info] Getting sessions for user:email...
2025-01-25 16:28:49.031 [info] Got 1 sessions for user:email...
2025-01-25 16:28:49.033 [info] Getting sessions for all scopes...
2025-01-25 16:28:49.033 [info] Got 1 sessions for ...
2025-01-25 16:28:49.035 [info] Getting sessions for read:user,repo,user:email,workflow...
2025-01-25 16:28:49.035 [info] Got 0 sessions for read:user,repo,user:email,workflow...
2025-01-25 16:28:49.037 [info] Getting sessions for user:email...
2025-01-25 16:28:49.037 [info] Got 1 sessions for user:email...
2025-01-25 16:29:46.035 [info] Getting sessions for all scopes...
2025-01-25 16:29:46.035 [info] Got 1 sessions for ...
2025-01-25 16:29:46.041 [info] Getting sessions for read:user,repo,user:email,workflow...
2025-01-25 16:29:46.041 [info] Got 0 sessions for read:user,repo,user:email,workflow...
2025-01-25 16:29:46.044 [info] Getting sessions for user:email...
2025-01-25 16:29:46.044 [info] Got 1 sessions for user:email...
2025-01-25 16:29:49.069 [info] Getting sessions for all scopes...
2025-01-25 16:29:49.069 [info] Got 1 sessions for ...
2025-01-25 16:29:49.097 [info] Getting sessions for read:user,repo,user:email,workflow...
2025-01-25 16:29:49.097 [info] Got 0 sessions for read:user,repo,user:email,workflow...
2025-01-25 16:29:49.098 [info] Getting sessions for user:email...
2025-01-25 16:29:49.098 [info] Got 1 sessions for user:email...
2025-01-25 16:29:54.545 [info] Getting sessions for all scopes...
2025-01-25 16:29:54.545 [info] Got 1 sessions for ...
2025-01-25 16:29:54.701 [info] Getting sessions for read:user,repo,user:email,workflow...
2025-01-25 16:29:54.701 [info] Got 0 sessions for read:user,repo,user:email,workflow...
2025-01-25 16:29:54.729 [info] Getting sessions for user:email...
2025-01-25 16:29:54.729 [info] Got 1 sessions for user:email...
2025-01-25 16:31:11.825 [info] Getting sessions for all scopes...
2025-01-25 16:31:11.825 [info] Got 1 sessions for ...
2025-01-25 16:31:11.827 [info] Getting sessions for read:user,repo,user:email,workflow...
2025-01-25 16:31:11.827 [info] Got 0 sessions for read:user,repo,user:email,workflow...
2025-01-25 16:31:11.829 [info] Getting sessions for user:email...
2025-01-25 16:31:11.829 [info] Got 1 sessions for user:email...
2025-01-25 16:31:15.784 [info] Getting sessions for all scopes...
2025-01-25 16:31:15.784 [info] Got 1 sessions for ...
2025-01-25 16:31:15.787 [info] Getting sessions for read:user,repo,user:email,workflow...
2025-01-25 16:31:15.787 [info] Got 0 sessions for read:user,repo,user:email,workflow...
2025-01-25 16:31:15.789 [info] Getting sessions for user:email...
2025-01-25 16:31:15.789 [info] Got 1 sessions for user:email...
2025-01-25 16:31:21.732 [info] Getting sessions for all scopes...
2025-01-25 16:31:21.732 [info] Got 1 sessions for ...
2025-01-25 16:31:21.788 [info] Getting sessions for read:user,repo,user:email,workflow...
2025-01-25 16:31:21.788 [info] Got 0 sessions for read:user,repo,user:email,workflow...
2025-01-25 16:31:21.935 [info] Getting sessions for user:email...
2025-01-25 16:31:21.935 [info] Got 1 sessions for user:email...
2025-01-25 16:33:15.845 [info] Getting sessions for all scopes...
2025-01-25 16:33:15.845 [info] Got 1 sessions for ...
2025-01-25 16:33:15.846 [info] Getting sessions for read:user,repo,user:email,workflow...
2025-01-25 16:33:15.846 [info] Got 0 sessions for read:user,repo,user:email,workflow...
2025-01-25 16:33:15.847 [info] Getting sessions for user:email...
2025-01-25 16:33:15.847 [info] Got 1 sessions for user:email...
2025-01-25 16:33:19.692 [info] Getting sessions for all scopes...
2025-01-25 16:33:19.692 [info] Got 1 sessions for ...
2025-01-25 16:33:19.699 [info] Getting sessions for read:user,repo,user:email,workflow...
2025-01-25 16:33:19.699 [info] Got 0 sessions for read:user,repo,user:email,workflow...
2025-01-25 16:33:19.702 [info] Getting sessions for user:email...
2025-01-25 16:33:19.702 [info] Got 1 sessions for user:email...
2025-01-25 16:33:26.827 [info] Getting sessions for all scopes...
2025-01-25 16:33:26.827 [info] Got 1 sessions for ...
2025-01-25 16:33:26.870 [info] Getting sessions for read:user,repo,user:email,workflow...
2025-01-25 16:33:26.870 [info] Got 0 sessions for read:user,repo,user:email,workflow...
2025-01-25 16:33:26.966 [info] Getting sessions for user:email...
2025-01-25 16:33:26.966 [info] Got 1 sessions for user:email...
2025-01-25 16:35:23.161 [info] Getting sessions for all scopes...
2025-01-25 16:35:23.161 [info] Got 1 sessions for ...
2025-01-25 16:35:23.165 [info] Getting sessions for read:user,repo,user:email,workflow...
2025-01-25 16:35:23.165 [info] Got 0 sessions for read:user,repo,user:email,workflow...
2025-01-25 16:35:23.167 [info] Getting sessions for user:email...
2025-01-25 16:35:23.167 [info] Got 1 sessions for user:email...
2025-01-25 16:35:27.159 [info] Getting sessions for all scopes...
2025-01-25 16:35:27.159 [info] Got 1 sessions for ...
2025-01-25 16:35:27.223 [info] Getting sessions for read:user,repo,user:email,workflow...
2025-01-25 16:35:27.223 [info] Got 0 sessions for read:user,repo,user:email,workflow...
2025-01-25 16:35:27.226 [info] Getting sessions for user:email...
2025-01-25 16:35:27.226 [info] Got 1 sessions for user:email...
2025-01-25 16:35:37.939 [info] Getting sessions for all scopes...
2025-01-25 16:35:37.939 [info] Got 1 sessions for ...
2025-01-25 16:35:37.960 [info] Getting sessions for read:user,repo,user:email,workflow...
2025-01-25 16:35:37.960 [info] Got 0 sessions for read:user,repo,user:email,workflow...
2025-01-25 16:35:37.961 [info] Getting sessions for user:email...
2025-01-25 16:35:37.961 [info] Got 1 sessions for user:email...
2025-01-25 16:36:47.141 [info] Getting sessions for all scopes...
2025-01-25 16:36:47.141 [info] Got 1 sessions for ...
2025-01-25 16:36:47.145 [info] Getting sessions for read:user,repo,user:email,workflow...
2025-01-25 16:36:47.145 [info] Got 0 sessions for read:user,repo,user:email,workflow...
2025-01-25 16:36:47.146 [info] Getting sessions for user:email...
2025-01-25 16:36:47.146 [info] Got 1 sessions for user:email...
2025-01-25 16:36:50.743 [info] Getting sessions for all scopes...
2025-01-25 16:36:50.743 [info] Got 1 sessions for ...
2025-01-25 16:36:50.744 [info] Getting sessions for read:user,repo,user:email,workflow...
2025-01-25 16:36:50.744 [info] Got 0 sessions for read:user,repo,user:email,workflow...
2025-01-25 16:36:50.745 [info] Getting sessions for user:email...
2025-01-25 16:36:50.745 [info] Got 1 sessions for user:email...
2025-01-25 16:36:57.377 [info] Getting sessions for all scopes...
2025-01-25 16:36:57.377 [info] Got 1 sessions for ...
2025-01-25 16:36:57.547 [info] Getting sessions for read:user,repo,user:email,workflow...
2025-01-25 16:36:57.547 [info] Got 0 sessions for read:user,repo,user:email,workflow...
2025-01-25 16:36:57.547 [info] Getting sessions for user:email...
2025-01-25 16:36:57.547 [info] Got 1 sessions for user:email...
2025-01-25 16:39:27.740 [info] Getting sessions for all scopes...
2025-01-25 16:39:27.740 [info] Got 1 sessions for ...
2025-01-25 16:39:27.743 [info] Getting sessions for read:user,repo,user:email,workflow...
2025-01-25 16:39:27.743 [info] Got 0 sessions for read:user,repo,user:email,workflow...
2025-01-25 16:39:27.745 [info] Getting sessions for user:email...
2025-01-25 16:39:27.745 [info] Got 1 sessions for user:email...
2025-01-25 16:39:28.202 [info] Getting sessions for all scopes...
2025-01-25 16:39:28.202 [info] Got 1 sessions for ...
2025-01-25 16:39:28.203 [info] Getting sessions for read:user,repo,user:email,workflow...
2025-01-25 16:39:28.203 [info] Got 0 sessions for read:user,repo,user:email,workflow...
2025-01-25 16:39:28.205 [info] Getting sessions for user:email...
2025-01-25 16:39:28.205 [info] Got 1 sessions for user:email...
2025-01-25 16:39:29.762 [info] Getting sessions for all scopes...
2025-01-25 16:39:29.762 [info] Got 1 sessions for ...
2025-01-25 16:39:29.766 [info] Getting sessions for read:user,repo,user:email,workflow...
2025-01-25 16:39:29.766 [info] Got 0 sessions for read:user,repo,user:email,workflow...
2025-01-25 16:39:29.769 [info] Getting sessions for user:email...
2025-01-25 16:39:29.769 [info] Got 1 sessions for user:email...
2025-01-25 16:39:36.703 [info] Getting sessions for all scopes...
2025-01-25 16:39:36.703 [info] Got 1 sessions for ...
2025-01-25 16:39:36.747 [info] Getting sessions for read:user,repo,user:email,workflow...
2025-01-25 16:39:36.747 [info] Got 0 sessions for read:user,repo,user:email,workflow...
2025-01-25 16:39:36.754 [info] Getting sessions for user:email...
2025-01-25 16:39:36.754 [info] Got 1 sessions for user:email...
2025-01-25 16:42:06.832 [info] Getting sessions for all scopes...
2025-01-25 16:42:06.832 [info] Got 1 sessions for ...
2025-01-25 16:42:06.834 [info] Getting sessions for read:user,repo,user:email,workflow...
2025-01-25 16:42:06.834 [info] Got 0 sessions for read:user,repo,user:email,workflow...
2025-01-25 16:42:06.843 [info] Getting sessions for user:email...
2025-01-25 16:42:06.843 [info] Got 1 sessions for user:email...
2025-01-25 16:42:09.829 [info] Getting sessions for all scopes...
2025-01-25 16:42:09.829 [info] Got 1 sessions for ...
2025-01-25 16:42:09.831 [info] Getting sessions for read:user,repo,user:email,workflow...
2025-01-25 16:42:09.831 [info] Got 0 sessions for read:user,repo,user:email,workflow...
2025-01-25 16:42:09.831 [info] Getting sessions for user:email...
2025-01-25 16:42:09.831 [info] Got 1 sessions for user:email...
2025-01-25 16:42:17.565 [info] Getting sessions for all scopes...
2025-01-25 16:42:17.565 [info] Got 1 sessions for ...
2025-01-25 16:42:17.605 [info] Getting sessions for read:user,repo,user:email,workflow...
2025-01-25 16:42:17.605 [info] Got 0 sessions for read:user,repo,user:email,workflow...
2025-01-25 16:42:17.617 [info] Getting sessions for user:email...
2025-01-25 16:42:17.617 [info] Got 1 sessions for user:email...
2025-01-25 16:43:49.171 [info] Getting sessions for all scopes...
2025-01-25 16:43:49.171 [info] Got 1 sessions for ...
2025-01-25 16:43:49.173 [info] Getting sessions for read:user,repo,user:email,workflow...
2025-01-25 16:43:49.173 [info] Got 0 sessions for read:user,repo,user:email,workflow...
2025-01-25 16:43:49.174 [info] Getting sessions for user:email...
2025-01-25 16:43:49.174 [info] Got 1 sessions for user:email...
2025-01-25 16:45:53.270 [info] Getting sessions for all scopes...
2025-01-25 16:45:53.270 [info] Got 1 sessions for ...
2025-01-25 16:45:53.278 [info] Getting sessions for read:user,repo,user:email,workflow...
2025-01-25 16:45:53.278 [info] Got 0 sessions for read:user,repo,user:email,workflow...
2025-01-25 16:45:53.279 [info] Getting sessions for user:email...
2025-01-25 16:45:53.279 [info] Got 1 sessions for user:email...
2025-01-25 16:45:57.203 [info] Getting sessions for all scopes...
2025-01-25 16:45:57.203 [info] Got 1 sessions for ...
2025-01-25 16:45:57.205 [info] Getting sessions for read:user,repo,user:email,workflow...
2025-01-25 16:45:57.205 [info] Got 0 sessions for read:user,repo,user:email,workflow...
2025-01-25 16:45:57.207 [info] Getting sessions for user:email...
2025-01-25 16:45:57.207 [info] Got 1 sessions for user:email...
2025-01-25 16:46:05.616 [info] Getting sessions for all scopes...
2025-01-25 16:46:05.616 [info] Got 1 sessions for ...
2025-01-25 16:46:05.668 [info] Getting sessions for read:user,repo,user:email,workflow...
2025-01-25 16:46:05.668 [info] Got 0 sessions for read:user,repo,user:email,workflow...
2025-01-25 16:46:05.670 [info] Getting sessions for user:email...
2025-01-25 16:46:05.670 [info] Got 1 sessions for user:email...
2025-01-25 16:47:09.306 [info] Getting sessions for all scopes...
2025-01-25 16:47:09.306 [info] Got 1 sessions for ...
2025-01-25 16:47:09.313 [info] Getting sessions for read:user,repo,user:email,workflow...
2025-01-25 16:47:09.313 [info] Got 0 sessions for read:user,repo,user:email,workflow...
2025-01-25 16:47:09.315 [info] Getting sessions for user:email...
2025-01-25 16:47:09.315 [info] Got 1 sessions for user:email...
2025-01-25 16:47:12.499 [info] Getting sessions for all scopes...
2025-01-25 16:47:12.499 [info] Got 1 sessions for ...
2025-01-25 16:47:12.502 [info] Getting sessions for read:user,repo,user:email,workflow...
2025-01-25 16:47:12.502 [info] Got 0 sessions for read:user,repo,user:email,workflow...
2025-01-25 16:47:12.503 [info] Getting sessions for user:email...
2025-01-25 16:47:12.503 [info] Got 1 sessions for user:email...
2025-01-25 16:47:19.498 [info] Getting sessions for all scopes...
2025-01-25 16:47:19.498 [info] Got 1 sessions for ...
2025-01-25 16:47:19.528 [info] Getting sessions for read:user,repo,user:email,workflow...
2025-01-25 16:47:19.528 [info] Got 0 sessions for read:user,repo,user:email,workflow...
2025-01-25 16:47:19.530 [info] Getting sessions for user:email...
2025-01-25 16:47:19.530 [info] Got 1 sessions for user:email...
2025-01-25 16:49:49.487 [info] Getting sessions for all scopes...
2025-01-25 16:49:49.487 [info] Got 1 sessions for ...
2025-01-25 16:49:49.498 [info] Getting sessions for read:user,repo,user:email,workflow...
2025-01-25 16:49:49.498 [info] Got 0 sessions for read:user,repo,user:email,workflow...
2025-01-25 16:49:49.535 [info] Getting sessions for user:email...
2025-01-25 16:49:49.535 [info] Got 1 sessions for user:email...
2025-01-25 16:49:50.023 [info] Getting sessions for all scopes...
2025-01-25 16:49:50.023 [info] Got 1 sessions for ...
2025-01-25 16:49:50.025 [info] Getting sessions for read:user,repo,user:email,workflow...
2025-01-25 16:49:50.025 [info] Got 0 sessions for read:user,repo,user:email,workflow...
2025-01-25 16:49:50.028 [info] Getting sessions for user:email...
2025-01-25 16:49:50.028 [info] Got 1 sessions for user:email...
2025-01-25 16:49:55.274 [info] Getting sessions for all scopes...
2025-01-25 16:49:55.274 [info] Got 1 sessions for ...
2025-01-25 16:49:55.276 [info] Getting sessions for read:user,repo,user:email,workflow...
2025-01-25 16:49:55.276 [info] Got 0 sessions for read:user,repo,user:email,workflow...
2025-01-25 16:49:55.277 [info] Getting sessions for user:email...
2025-01-25 16:49:55.277 [info] Got 1 sessions for user:email...
2025-01-25 16:50:05.779 [info] Getting sessions for all scopes...
2025-01-25 16:50:05.779 [info] Got 1 sessions for ...
2025-01-25 16:50:05.851 [info] Getting sessions for read:user,repo,user:email,workflow...
2025-01-25 16:50:05.851 [info] Got 0 sessions for read:user,repo,user:email,workflow...
2025-01-25 16:50:05.906 [info] Getting sessions for user:email...
2025-01-25 16:50:05.906 [info] Got 1 sessions for user:email...
2025-01-25 16:51:51.407 [info] Getting sessions for all scopes...
2025-01-25 16:51:51.407 [info] Got 1 sessions for ...
2025-01-25 16:51:51.410 [info] Getting sessions for read:user,repo,user:email,workflow...
2025-01-25 16:51:51.410 [info] Got 0 sessions for read:user,repo,user:email,workflow...
2025-01-25 16:51:51.415 [info] Getting sessions for user:email...
2025-01-25 16:51:51.415 [info] Got 1 sessions for user:email...
2025-01-25 16:51:56.387 [info] Getting sessions for all scopes...
2025-01-25 16:51:56.387 [info] Got 1 sessions for ...
2025-01-25 16:51:56.391 [info] Getting sessions for read:user,repo,user:email,workflow...
2025-01-25 16:51:56.391 [info] Got 0 sessions for read:user,repo,user:email,workflow...
2025-01-25 16:51:56.392 [info] Getting sessions for user:email...
2025-01-25 16:51:56.392 [info] Got 1 sessions for user:email...
2025-01-25 16:52:05.213 [info] Getting sessions for all scopes...
2025-01-25 16:52:05.213 [info] Got 1 sessions for ...
2025-01-25 16:52:05.279 [info] Getting sessions for read:user,repo,user:email,workflow...
2025-01-25 16:52:05.279 [info] Got 0 sessions for read:user,repo,user:email,workflow...
2025-01-25 16:52:05.279 [info] Getting sessions for user:email...
2025-01-25 16:52:05.279 [info] Got 1 sessions for user:email...
2025-01-25 16:53:33.883 [info] Getting sessions for all scopes...
2025-01-25 16:53:33.883 [info] Got 1 sessions for ...
2025-01-25 16:53:33.889 [info] Getting sessions for read:user,repo,user:email,workflow...
2025-01-25 16:53:33.889 [info] Got 0 sessions for read:user,repo,user:email,workflow...
2025-01-25 16:53:33.891 [info] Getting sessions for user:email...
2025-01-25 16:53:33.891 [info] Got 1 sessions for user:email...
2025-01-25 16:53:37.953 [info] Getting sessions for all scopes...
2025-01-25 16:53:37.953 [info] Got 1 sessions for ...
2025-01-25 16:53:37.956 [info] Getting sessions for read:user,repo,user:email,workflow...
2025-01-25 16:53:37.956 [info] Got 0 sessions for read:user,repo,user:email,workflow...
2025-01-25 16:53:37.957 [info] Getting sessions for user:email...
2025-01-25 16:53:37.957 [info] Got 1 sessions for user:email...
2025-01-25 16:53:45.529 [info] Getting sessions for all scopes...
2025-01-25 16:53:45.529 [info] Got 1 sessions for ...
2025-01-25 16:53:45.591 [info] Getting sessions for read:user,repo,user:email,workflow...
2025-01-25 16:53:45.591 [info] Got 0 sessions for read:user,repo,user:email,workflow...
2025-01-25 16:53:45.686 [info] Getting sessions for user:email...
2025-01-25 16:53:45.686 [info] Got 1 sessions for user:email...
2025-01-25 16:53:48.478 [info] Getting sessions for read:user,repo,user:email,workflow...
2025-01-25 16:53:48.478 [info] Got 0 sessions for read:user,repo,user:email,workflow...
2025-01-25 16:53:48.479 [info] Getting sessions for read:user...
2025-01-25 16:53:48.479 [info] Got 0 sessions for read:user...
2025-01-25 16:53:48.482 [info] Getting sessions for user:email...
2025-01-25 16:53:48.482 [info] Got 1 sessions for user:email...
2025-01-25 16:53:49.000 [info] Getting sessions for all scopes...
2025-01-25 16:53:49.000 [info] Got 1 sessions for ...
2025-01-25 16:53:49.003 [info] Getting sessions for read:user,repo,user:email,workflow...
2025-01-25 16:53:49.003 [info] Got 0 sessions for read:user,repo,user:email,workflow...
2025-01-25 16:53:49.004 [info] Getting sessions for user:email...
2025-01-25 16:53:49.004 [info] Got 1 sessions for user:email...
2025-01-25 16:53:49.634 [info] Getting sessions for all scopes...
2025-01-25 16:53:49.634 [info] Got 1 sessions for ...
2025-01-25 16:53:49.634 [info] Getting sessions for all scopes...
2025-01-25 16:53:49.634 [info] Got 1 sessions for ...
2025-01-25 16:53:49.636 [info] Getting sessions for read:user,repo,user:email,workflow...
2025-01-25 16:53:49.636 [info] Got 0 sessions for read:user,repo,user:email,workflow...
2025-01-25 16:53:49.636 [info] Getting sessions for user:email...
2025-01-25 16:53:49.636 [info] Got 1 sessions for user:email...
2025-01-25 16:53:49.636 [info] Getting sessions for all scopes...
2025-01-25 16:53:49.636 [info] Got 1 sessions for ...
2025-01-25 16:53:49.636 [info] Getting sessions for read:user,repo,user:email,workflow...
2025-01-25 16:53:49.636 [info] Got 0 sessions for read:user,repo,user:email,workflow...
2025-01-25 16:53:49.641 [info] Getting sessions for user:email...
2025-01-25 16:53:49.641 [info] Got 1 sessions for user:email...
2025-01-25 16:53:49.646 [info] Getting sessions for all scopes...
2025-01-25 16:53:49.646 [info] Got 1 sessions for ...
2025-01-25 16:53:49.649 [info] Getting sessions for read:user,repo,user:email,workflow...
2025-01-25 16:53:49.649 [info] Got 0 sessions for read:user,repo,user:email,workflow...
2025-01-25 16:53:49.652 [info] Getting sessions for user:email...
2025-01-25 16:53:49.652 [info] Got 1 sessions for user:email...
2025-01-25 16:55:08.714 [info] Getting sessions for all scopes...
2025-01-25 16:55:08.714 [info] Got 1 sessions for ...
2025-01-25 16:55:08.715 [info] Getting sessions for read:user,repo,user:email,workflow...
2025-01-25 16:55:08.715 [info] Got 0 sessions for read:user,repo,user:email,workflow...
2025-01-25 16:55:08.716 [info] Getting sessions for user:email...
2025-01-25 16:55:08.716 [info] Got 1 sessions for user:email...
2025-01-25 16:55:14.245 [info] Getting sessions for all scopes...
2025-01-25 16:55:14.245 [info] Got 1 sessions for ...
2025-01-25 16:55:14.246 [info] Getting sessions for read:user,repo,user:email,workflow...
2025-01-25 16:55:14.246 [info] Got 0 sessions for read:user,repo,user:email,workflow...
2025-01-25 16:55:14.247 [info] Getting sessions for user:email...
2025-01-25 16:55:14.247 [info] Got 1 sessions for user:email...
2025-01-25 16:55:25.118 [info] Getting sessions for all scopes...
2025-01-25 16:55:25.118 [info] Got 1 sessions for ...
2025-01-25 16:55:25.147 [info] Getting sessions for read:user,repo,user:email,workflow...
2025-01-25 16:55:25.147 [info] Got 0 sessions for read:user,repo,user:email,workflow...
2025-01-25 16:55:25.150 [info] Getting sessions for user:email...
2025-01-25 16:55:25.150 [info] Got 1 sessions for user:email...
2025-01-25 16:57:15.097 [info] Getting sessions for all scopes...
2025-01-25 16:57:15.097 [info] Got 1 sessions for ...
2025-01-25 16:57:15.099 [info] Getting sessions for read:user,repo,user:email,workflow...
2025-01-25 16:57:15.099 [info] Got 0 sessions for read:user,repo,user:email,workflow...
2025-01-25 16:57:15.105 [info] Getting sessions for user:email...
2025-01-25 16:57:15.105 [info] Got 1 sessions for user:email...
2025-01-25 16:57:18.804 [info] Getting sessions for all scopes...
2025-01-25 16:57:18.804 [info] Got 1 sessions for ...
2025-01-25 16:57:18.839 [info] Getting sessions for read:user,repo,user:email,workflow...
2025-01-25 16:57:18.839 [info] Got 0 sessions for read:user,repo,user:email,workflow...
2025-01-25 16:57:18.845 [info] Getting sessions for user:email...
2025-01-25 16:57:18.845 [info] Got 1 sessions for user:email...
2025-01-25 16:57:27.547 [info] Getting sessions for all scopes...
2025-01-25 16:57:27.547 [info] Got 1 sessions for ...
2025-01-25 16:57:27.686 [info] Getting sessions for read:user,repo,user:email,workflow...
2025-01-25 16:57:27.686 [info] Got 0 sessions for read:user,repo,user:email,workflow...
2025-01-25 16:57:27.692 [info] Getting sessions for user:email...
2025-01-25 16:57:27.692 [info] Got 1 sessions for user:email...
2025-01-25 16:58:34.065 [info] Getting sessions for all scopes...
2025-01-25 16:58:34.065 [info] Got 1 sessions for ...
2025-01-25 16:58:34.071 [info] Getting sessions for read:user,repo,user:email,workflow...
2025-01-25 16:58:34.071 [info] Got 0 sessions for read:user,repo,user:email,workflow...
2025-01-25 16:58:34.083 [info] Getting sessions for user:email...
2025-01-25 16:58:34.083 [info] Got 1 sessions for user:email...
2025-01-25 16:58:38.738 [info] Getting sessions for all scopes...
2025-01-25 16:58:38.738 [info] Got 1 sessions for ...
2025-01-25 16:58:38.759 [info] Getting sessions for read:user,repo,user:email,workflow...
2025-01-25 16:58:38.759 [info] Got 0 sessions for read:user,repo,user:email,workflow...
2025-01-25 16:58:38.767 [info] Getting sessions for user:email...
2025-01-25 16:58:38.767 [info] Got 1 sessions for user:email...
2025-01-25 16:58:51.348 [info] Getting sessions for all scopes...
2025-01-25 16:58:51.348 [info] Got 1 sessions for ...
2025-01-25 16:58:51.481 [info] Getting sessions for read:user,repo,user:email,workflow...
2025-01-25 16:58:51.481 [info] Got 0 sessions for read:user,repo,user:email,workflow...
2025-01-25 16:58:51.500 [info] Getting sessions for user:email...
2025-01-25 16:58:51.500 [info] Got 1 sessions for user:email...
2025-01-25 17:04:45.553 [info] Getting sessions for all scopes...
2025-01-25 17:04:45.553 [info] Got 1 sessions for ...
2025-01-25 17:04:45.659 [info] Getting sessions for read:user,repo,user:email,workflow...
2025-01-25 17:04:45.659 [info] Got 0 sessions for read:user,repo,user:email,workflow...
2025-01-25 17:04:45.673 [info] Getting sessions for user:email...
2025-01-25 17:04:45.673 [info] Got 1 sessions for user:email...
2025-01-25 17:04:46.100 [info] Getting sessions for all scopes...
2025-01-25 17:04:46.100 [info] Got 1 sessions for ...
2025-01-25 17:04:46.103 [info] Getting sessions for read:user,repo,user:email,workflow...
2025-01-25 17:04:46.103 [info] Got 0 sessions for read:user,repo,user:email,workflow...
2025-01-25 17:04:46.104 [info] Getting sessions for user:email...
2025-01-25 17:04:46.104 [info] Got 1 sessions for user:email...
2025-01-25 17:04:46.462 [info] Getting sessions for all scopes...
2025-01-25 17:04:46.462 [info] Got 1 sessions for ...
2025-01-25 17:04:46.472 [info] Getting sessions for all scopes...
2025-01-25 17:04:46.472 [info] Got 1 sessions for ...
2025-01-25 17:04:46.474 [info] Getting sessions for read:user,repo,user:email,workflow...
2025-01-25 17:04:46.474 [info] Got 0 sessions for read:user,repo,user:email,workflow...
2025-01-25 17:04:46.476 [info] Getting sessions for user:email...
2025-01-25 17:04:46.476 [info] Got 1 sessions for user:email...
2025-01-25 17:04:46.476 [info] Getting sessions for read:user,repo,user:email,workflow...
2025-01-25 17:04:46.476 [info] Got 0 sessions for read:user,repo,user:email,workflow...
2025-01-25 17:04:51.583 [info] Logging in with 'any' account...
2025-01-25 17:04:51.583 [info] Logging in for the following scopes: read:user repo user:email workflow
2025-01-25 17:04:51.613 [info] Trying without local server... (read:user repo user:email workflow)
2025-01-25 17:05:11.535 [info] Exchanging code for token...
2025-01-25 17:05:11.908 [info] Token exchange success!
2025-01-25 17:05:11.908 [info] Getting user info...
2025-01-25 17:05:12.228 [info] Got account info!
2025-01-25 17:05:12.229 [info] Storing 2 sessions...
2025-01-25 17:05:12.242 [info] Reading sessions from keychain...
2025-01-25 17:05:12.242 [info] Stored 2 sessions!
2025-01-25 17:05:12.242 [info] Login success!
2025-01-25 17:05:12.243 [info] Getting sessions for all scopes...
2025-01-25 17:05:12.245 [info] Getting sessions for all scopes...
2025-01-25 17:05:12.252 [info] Got stored sessions!
2025-01-25 17:05:12.252 [info] Got 2 verified sessions.
2025-01-25 17:05:12.252 [info] Got 2 sessions for ...
2025-01-25 17:05:12.252 [info] Got 2 sessions for ...
2025-01-25 17:05:12.268 [info] Getting sessions for all scopes...
2025-01-25 17:05:12.268 [info] Got 2 sessions for ...
2025-01-25 17:05:12.273 [info] Getting sessions for all scopes...
2025-01-25 17:05:12.273 [info] Got 2 sessions for ...
2025-01-25 17:05:12.273 [info] Getting sessions for read:user,repo,user:email,workflow...
2025-01-25 17:05:12.273 [info] Got 1 sessions for read:user,repo,user:email,workflow...
2025-01-25 17:05:12.283 [info] Getting sessions for read:user,repo,user:email,workflow...
2025-01-25 17:05:12.283 [info] Got 1 sessions for read:user,repo,user:email,workflow...
2025-01-25 17:05:12.285 [info] Getting sessions for all scopes...
2025-01-25 17:05:12.285 [info] Got 2 sessions for ...
2025-01-25 17:05:12.287 [info] Getting sessions for read:user,repo,user:email,workflow...
2025-01-25 17:05:12.287 [info] Got 1 sessions for read:user,repo,user:email,workflow...
2025-01-25 17:05:12.292 [info] Getting sessions for all scopes...
2025-01-25 17:05:12.292 [info] Got 2 sessions for ...
2025-01-25 17:05:12.293 [info] Getting sessions for read:user,repo,user:email,workflow...
2025-01-25 17:05:12.293 [info] Got 1 sessions for read:user,repo,user:email,workflow...
2025-01-25 17:05:12.980 [info] Getting sessions for all scopes...
2025-01-25 17:05:12.980 [info] Got 2 sessions for ...
2025-01-25 17:05:12.992 [info] Getting sessions for all scopes...
2025-01-25 17:05:12.992 [info] Got 2 sessions for ...
2025-01-25 17:05:12.997 [info] Getting sessions for read:user,repo,user:email,workflow...
2025-01-25 17:05:12.997 [info] Got 1 sessions for read:user,repo,user:email,workflow...
2025-01-25 17:05:12.999 [info] Getting sessions for all scopes...
2025-01-25 17:05:12.999 [info] Got 2 sessions for ...
2025-01-25 17:05:13.002 [info] Getting sessions for read:user,repo,user:email,workflow...
2025-01-25 17:05:13.002 [info] Got 1 sessions for read:user,repo,user:email,workflow...
2025-01-25 17:05:13.049 [info] Getting sessions for all scopes...
2025-01-25 17:05:13.049 [info] Got 2 sessions for ...
2025-01-25 17:05:13.064 [info] Getting sessions for read:user,repo,user:email,workflow...
2025-01-25 17:05:13.064 [info] Got 1 sessions for read:user,repo,user:email,workflow...
2025-01-25 17:05:15.165 [info] Getting sessions for all scopes...
2025-01-25 17:05:15.165 [info] Got 2 sessions for ...
2025-01-25 17:05:15.182 [info] Getting sessions for read:user,repo,user:email,workflow...
2025-01-25 17:05:15.182 [info] Got 1 sessions for read:user,repo,user:email,workflow...
2025-01-25 17:05:15.497 [info] Getting sessions for all scopes...
2025-01-25 17:05:15.497 [info] Got 2 sessions for ...
2025-01-25 17:05:15.498 [info] Getting sessions for read:user,repo,user:email,workflow...
2025-01-25 17:05:15.498 [info] Got 1 sessions for read:user,repo,user:email,workflow...
2025-01-25 17:06:39.729 [info] Getting sessions for all scopes...
2025-01-25 17:06:39.729 [info] Got 2 sessions for ...
2025-01-25 17:06:39.731 [info] Getting sessions for read:user,repo,user:email,workflow...
2025-01-25 17:06:39.731 [info] Got 1 sessions for read:user,repo,user:email,workflow...
2025-01-25 17:06:40.046 [info] Getting sessions for all scopes...
2025-01-25 17:06:40.046 [info] Got 2 sessions for ...
2025-01-25 17:06:40.059 [info] Getting sessions for read:user,repo,user:email,workflow...
2025-01-25 17:06:40.059 [info] Got 1 sessions for read:user,repo,user:email,workflow...
2025-01-25 17:06:42.481 [info] Getting sessions for all scopes...
2025-01-25 17:06:42.481 [info] Got 2 sessions for ...
2025-01-25 17:06:42.558 [info] Getting sessions for read:user,repo,user:email,workflow...
2025-01-25 17:06:42.558 [info] Got 1 sessions for read:user,repo,user:email,workflow...
2025-01-25 17:07:22.601 [info] Getting sessions for all scopes...
2025-01-25 17:07:22.601 [info] Got 2 sessions for ...
2025-01-25 17:07:22.604 [info] Getting sessions for read:user,repo,user:email,workflow...
2025-01-25 17:07:22.604 [info] Got 1 sessions for read:user,repo,user:email,workflow...
2025-01-25 17:07:23.030 [info] Getting sessions for all scopes...
2025-01-25 17:07:23.030 [info] Got 2 sessions for ...
2025-01-25 17:07:23.044 [info] Getting sessions for read:user,repo,user:email,workflow...
2025-01-25 17:07:23.044 [info] Got 1 sessions for read:user,repo,user:email,workflow...
2025-01-25 17:07:25.077 [info] Getting sessions for all scopes...
2025-01-25 17:07:25.077 [info] Got 2 sessions for ...
2025-01-25 17:07:25.131 [info] Getting sessions for read:user,repo,user:email,workflow...
2025-01-25 17:07:25.131 [info] Got 1 sessions for read:user,repo,user:email,workflow...
2025-01-25 17:08:29.289 [info] Getting sessions for all scopes...
2025-01-25 17:08:29.289 [info] Got 2 sessions for ...
2025-01-25 17:08:29.307 [info] Getting sessions for read:user,repo,user:email,workflow...
2025-01-25 17:08:29.307 [info] Got 1 sessions for read:user,repo,user:email,workflow...
2025-01-25 17:08:29.649 [info] Getting sessions for all scopes...
2025-01-25 17:08:29.649 [info] Got 2 sessions for ...
2025-01-25 17:08:29.674 [info] Getting sessions for read:user,repo,user:email,workflow...
2025-01-25 17:08:29.674 [info] Got 1 sessions for read:user,repo,user:email,workflow...
2025-01-25 17:08:33.173 [info] Getting sessions for all scopes...
2025-01-25 17:08:33.173 [info] Got 2 sessions for ...
2025-01-25 17:08:33.206 [info] Getting sessions for read:user,repo,user:email,workflow...
2025-01-25 17:08:33.206 [info] Got 1 sessions for read:user,repo,user:email,workflow...
2025-01-25 17:09:25.505 [info] Getting sessions for all scopes...
2025-01-25 17:09:25.505 [info] Got 2 sessions for ...
2025-01-25 17:09:25.512 [info] Getting sessions for read:user,repo,user:email,workflow...
2025-01-25 17:09:25.512 [info] Got 1 sessions for read:user,repo,user:email,workflow...
2025-01-25 17:09:25.922 [info] Getting sessions for all scopes...
2025-01-25 17:09:25.923 [info] Got 2 sessions for ...
2025-01-25 17:09:25.934 [info] Getting sessions for read:user,repo,user:email,workflow...
2025-01-25 17:09:25.934 [info] Got 1 sessions for read:user,repo,user:email,workflow...
2025-01-25 17:09:26.806 [info] Getting sessions for all scopes...
2025-01-25 17:09:26.806 [info] Got 2 sessions for ...
2025-01-25 17:09:26.819 [info] Getting sessions for read:user,repo,user:email,workflow...
2025-01-25 17:09:26.819 [info] Got 1 sessions for read:user,repo,user:email,workflow...
2025-01-25 17:10:03.660 [info] Getting sessions for all scopes...
2025-01-25 17:10:03.660 [info] Got 2 sessions for ...
2025-01-25 17:10:03.663 [info] Getting sessions for read:user,repo,user:email,workflow...
2025-01-25 17:10:03.663 [info] Got 1 sessions for read:user,repo,user:email,workflow...
2025-01-25 17:10:03.989 [info] Getting sessions for all scopes...
2025-01-25 17:10:03.989 [info] Got 2 sessions for ...
2025-01-25 17:10:04.000 [info] Getting sessions for read:user,repo,user:email,workflow...
2025-01-25 17:10:04.000 [info] Got 1 sessions for read:user,repo,user:email,workflow...
2025-01-25 17:10:06.542 [info] Getting sessions for all scopes...
2025-01-25 17:10:06.542 [info] Got 2 sessions for ...
2025-01-25 17:10:06.552 [info] Getting sessions for read:user,repo,user:email,workflow...
2025-01-25 17:10:06.552 [info] Got 1 sessions for read:user,repo,user:email,workflow...
2025-01-25 17:10:15.548 [info] Getting sessions for all scopes...
2025-01-25 17:10:15.548 [info] Got 2 sessions for ...
2025-01-25 17:10:15.549 [info] Getting sessions for read:user,repo,user:email,workflow...
2025-01-25 17:10:15.549 [info] Got 1 sessions for read:user,repo,user:email,workflow...
2025-01-25 17:10:15.895 [info] Getting sessions for all scopes...
2025-01-25 17:10:15.895 [info] Got 2 sessions for ...
2025-01-25 17:10:15.906 [info] Getting sessions for read:user,repo,user:email,workflow...
2025-01-25 17:10:15.906 [info] Got 1 sessions for read:user,repo,user:email,workflow...
2025-01-25 17:10:18.071 [info] Getting sessions for all scopes...
2025-01-25 17:10:18.071 [info] Got 2 sessions for ...
2025-01-25 17:10:18.086 [info] Getting sessions for read:user,repo,user:email,workflow...
2025-01-25 17:10:18.089 [info] Got 1 sessions for read:user,repo,user:email,workflow...
2025-01-25 17:11:30.908 [info] Getting sessions for all scopes...
2025-01-25 17:11:30.908 [info] Got 2 sessions for ...
2025-01-25 17:11:30.948 [info] Getting sessions for read:user,repo,user:email,workflow...
2025-01-25 17:11:30.948 [info] Got 1 sessions for read:user,repo,user:email,workflow...
2025-01-25 17:11:31.430 [info] Getting sessions for all scopes...
2025-01-25 17:11:31.430 [info] Got 2 sessions for ...
2025-01-25 17:11:31.438 [info] Getting sessions for read:user,repo,user:email,workflow...
2025-01-25 17:11:31.438 [info] Got 1 sessions for read:user,repo,user:email,workflow...
2025-01-25 17:11:32.169 [info] Getting sessions for all scopes...
2025-01-25 17:11:32.169 [info] Got 2 sessions for ...
2025-01-25 17:11:32.219 [info] Getting sessions for read:user,repo,user:email,workflow...
2025-01-25 17:11:32.219 [info] Got 1 sessions for read:user,repo,user:email,workflow...
