2025-01-25 20:02:15.588 [info] Reading sessions from keychain...
2025-01-25 20:02:15.588 [info] Getting sessions for all scopes...
2025-01-25 20:02:15.588 [info] Getting sessions for all scopes...
2025-01-25 20:02:15.589 [info] Getting sessions for all scopes...
2025-01-25 20:02:15.589 [info] Getting sessions for all scopes...
2025-01-25 20:02:15.589 [info] Getting sessions for all scopes...
2025-01-25 20:02:15.589 [info] Getting sessions for all scopes...
2025-01-25 20:02:15.589 [info] Getting sessions for all scopes...
2025-01-25 20:02:15.589 [info] Getting sessions for all scopes...
2025-01-25 20:02:15.589 [info] Got stored sessions!
2025-01-25 20:02:15.589 [info] Got 2 verified sessions.
2025-01-25 20:02:15.589 [info] Got 2 sessions for ...
2025-01-25 20:02:15.589 [info] Got 2 sessions for ...
2025-01-25 20:02:15.589 [info] Got 2 sessions for ...
2025-01-25 20:02:15.589 [info] Got 2 sessions for ...
2025-01-25 20:02:15.589 [info] Got 2 sessions for ...
2025-01-25 20:02:15.589 [info] Got 2 sessions for ...
2025-01-25 20:02:15.589 [info] Got 2 sessions for ...
2025-01-25 20:02:15.589 [info] Got 2 sessions for ...
2025-01-25 20:02:15.589 [info] Getting sessions for all scopes...
2025-01-25 20:02:15.589 [info] Got 2 sessions for ...
2025-01-25 20:02:15.592 [info] Getting sessions for all scopes...
2025-01-25 20:02:15.592 [info] Got 2 sessions for ...
2025-01-25 20:02:15.593 [info] Getting sessions for all scopes...
2025-01-25 20:02:15.593 [info] Got 2 sessions for ...
2025-01-25 20:02:15.840 [info] Getting sessions for read:user,repo,user:email,workflow...
2025-01-25 20:02:15.840 [info] Got 1 sessions for read:user,repo,user:email,workflow...
2025-01-25 20:02:16.557 [info] Getting sessions for all scopes...
2025-01-25 20:02:16.557 [info] Got 2 sessions for ...
2025-01-25 20:02:16.558 [info] Getting sessions for read:user,repo,user:email,workflow...
2025-01-25 20:02:16.558 [info] Got 1 sessions for read:user,repo,user:email,workflow...
2025-01-25 20:02:16.562 [info] Getting sessions for read:user,repo,user:email,workflow...
2025-01-25 20:02:16.562 [info] Got 1 sessions for read:user,repo,user:email,workflow...
2025-01-25 20:02:16.628 [info] Getting sessions for all scopes...
2025-01-25 20:02:16.628 [info] Got 2 sessions for ...
2025-01-25 20:02:16.638 [info] Getting sessions for read:user,repo,user:email,workflow...
2025-01-25 20:02:16.638 [info] Got 1 sessions for read:user,repo,user:email,workflow...
2025-01-25 20:02:16.704 [info] Getting sessions for all scopes...
2025-01-25 20:02:16.704 [info] Got 2 sessions for ...
2025-01-25 20:02:16.705 [info] Getting sessions for read:user,repo,user:email,workflow...
2025-01-25 20:02:16.705 [info] Got 1 sessions for read:user,repo,user:email,workflow...
2025-01-25 20:02:17.139 [info] Getting sessions for read:user,repo,user:email,workflow...
2025-01-25 20:02:17.139 [info] Got 1 sessions for read:user,repo,user:email,workflow...
2025-01-25 20:02:17.431 [info] Getting sessions for all scopes...
2025-01-25 20:02:17.431 [info] Got 2 sessions for ...
2025-01-25 20:02:17.431 [info] Getting sessions for all scopes...
2025-01-25 20:02:17.431 [info] Got 2 sessions for ...
2025-01-25 20:02:17.433 [info] Getting sessions for read:user,repo,user:email,workflow...
2025-01-25 20:02:17.433 [info] Got 1 sessions for read:user,repo,user:email,workflow...
2025-01-25 20:02:17.441 [info] Getting sessions for all scopes...
2025-01-25 20:02:17.441 [info] Got 2 sessions for ...
2025-01-25 20:02:17.444 [info] Getting sessions for read:user,repo,user:email,workflow...
2025-01-25 20:02:17.444 [info] Got 1 sessions for read:user,repo,user:email,workflow...
2025-01-25 20:02:17.532 [info] Getting sessions for all scopes...
2025-01-25 20:02:17.532 [info] Got 2 sessions for ...
2025-01-25 20:02:17.549 [info] Getting sessions for read:user,repo,user:email,workflow...
2025-01-25 20:02:17.549 [info] Got 1 sessions for read:user,repo,user:email,workflow...
2025-01-25 20:02:17.612 [info] Getting sessions for read:user,repo,user:email,workflow...
2025-01-25 20:02:17.612 [info] Got 1 sessions for read:user,repo,user:email,workflow...
2025-01-25 20:02:18.250 [info] Getting sessions for all scopes...
2025-01-25 20:02:18.250 [info] Got 2 sessions for ...
2025-01-25 20:02:18.279 [info] Getting sessions for read:user,repo,user:email,workflow...
2025-01-25 20:02:18.279 [info] Got 1 sessions for read:user,repo,user:email,workflow...
2025-01-25 20:02:23.256 [info] Getting sessions for all scopes...
2025-01-25 20:02:23.256 [info] Got 2 sessions for ...
2025-01-25 20:02:23.260 [info] Getting sessions for read:user,repo,user:email,workflow...
2025-01-25 20:02:23.260 [info] Got 1 sessions for read:user,repo,user:email,workflow...
2025-01-25 20:02:23.674 [info] Getting sessions for all scopes...
2025-01-25 20:02:23.674 [info] Got 2 sessions for ...
2025-01-25 20:02:23.679 [info] Getting sessions for read:user,repo,user:email,workflow...
2025-01-25 20:02:23.679 [info] Got 1 sessions for read:user,repo,user:email,workflow...
2025-01-25 20:02:25.310 [info] Getting sessions for all scopes...
2025-01-25 20:02:25.310 [info] Got 2 sessions for ...
2025-01-25 20:02:25.365 [info] Getting sessions for read:user,repo,user:email,workflow...
2025-01-25 20:02:25.365 [info] Got 1 sessions for read:user,repo,user:email,workflow...
2025-01-25 20:03:18.141 [info] Getting sessions for all scopes...
2025-01-25 20:03:18.141 [info] Got 2 sessions for ...
2025-01-25 20:03:18.143 [info] Getting sessions for read:user,repo,user:email,workflow...
2025-01-25 20:03:18.143 [info] Got 1 sessions for read:user,repo,user:email,workflow...
2025-01-25 20:03:20.327 [info] Getting sessions for all scopes...
2025-01-25 20:03:20.327 [info] Got 2 sessions for ...
2025-01-25 20:03:20.348 [info] Getting sessions for read:user,repo,user:email,workflow...
2025-01-25 20:03:20.348 [info] Got 1 sessions for read:user,repo,user:email,workflow...
2025-01-25 20:03:23.866 [info] Getting sessions for all scopes...
2025-01-25 20:03:23.866 [info] Got 2 sessions for ...
2025-01-25 20:03:23.898 [info] Getting sessions for read:user,repo,user:email,workflow...
2025-01-25 20:03:23.898 [info] Got 1 sessions for read:user,repo,user:email,workflow...
2025-01-25 20:04:48.136 [info] Getting sessions for all scopes...
2025-01-25 20:04:48.137 [info] Got 2 sessions for ...
2025-01-25 20:04:48.140 [info] Getting sessions for read:user,repo,user:email,workflow...
2025-01-25 20:04:48.140 [info] Got 1 sessions for read:user,repo,user:email,workflow...
2025-01-25 20:04:48.634 [info] Getting sessions for all scopes...
2025-01-25 20:04:48.634 [info] Got 2 sessions for ...
2025-01-25 20:04:48.661 [info] Getting sessions for read:user,repo,user:email,workflow...
2025-01-25 20:04:48.661 [info] Got 1 sessions for read:user,repo,user:email,workflow...
2025-01-25 20:04:49.657 [info] Getting sessions for all scopes...
2025-01-25 20:04:49.657 [info] Got 2 sessions for ...
2025-01-25 20:04:49.670 [info] Getting sessions for read:user,repo,user:email,workflow...
2025-01-25 20:04:49.670 [info] Got 1 sessions for read:user,repo,user:email,workflow...
2025-01-25 20:05:10.148 [info] Getting sessions for all scopes...
2025-01-25 20:05:10.148 [info] Got 2 sessions for ...
2025-01-25 20:05:10.151 [info] Getting sessions for read:user,repo,user:email,workflow...
2025-01-25 20:05:10.151 [info] Got 1 sessions for read:user,repo,user:email,workflow...
2025-01-25 20:05:12.341 [info] Getting sessions for all scopes...
2025-01-25 20:05:12.341 [info] Got 2 sessions for ...
2025-01-25 20:05:12.357 [info] Getting sessions for read:user,repo,user:email,workflow...
2025-01-25 20:05:12.357 [info] Got 1 sessions for read:user,repo,user:email,workflow...
2025-01-25 20:05:13.904 [info] Getting sessions for all scopes...
2025-01-25 20:05:13.904 [info] Got 2 sessions for ...
2025-01-25 20:05:13.910 [info] Getting sessions for read:user,repo,user:email,workflow...
2025-01-25 20:05:13.910 [info] Got 1 sessions for read:user,repo,user:email,workflow...
2025-01-25 20:06:26.676 [info] Getting sessions for all scopes...
2025-01-25 20:06:26.676 [info] Got 2 sessions for ...
2025-01-25 20:06:26.702 [info] Getting sessions for read:user,repo,user:email,workflow...
2025-01-25 20:06:26.702 [info] Got 1 sessions for read:user,repo,user:email,workflow...
2025-01-25 20:06:27.201 [info] Getting sessions for all scopes...
2025-01-25 20:06:27.201 [info] Got 2 sessions for ...
2025-01-25 20:06:27.213 [info] Getting sessions for read:user,repo,user:email,workflow...
2025-01-25 20:06:27.213 [info] Got 1 sessions for read:user,repo,user:email,workflow...
2025-01-25 20:06:30.185 [info] Getting sessions for all scopes...
2025-01-25 20:06:30.185 [info] Got 2 sessions for ...
2025-01-25 20:06:30.214 [info] Getting sessions for read:user,repo,user:email,workflow...
2025-01-25 20:06:30.214 [info] Got 1 sessions for read:user,repo,user:email,workflow...
2025-01-25 20:09:17.673 [info] Getting sessions for all scopes...
2025-01-25 20:09:17.673 [info] Got 2 sessions for ...
2025-01-25 20:09:17.673 [info] Getting sessions for read:user,repo,user:email,workflow...
2025-01-25 20:09:17.673 [info] Got 1 sessions for read:user,repo,user:email,workflow...
2025-01-25 20:09:18.570 [info] Getting sessions for all scopes...
2025-01-25 20:09:18.570 [info] Got 2 sessions for ...
2025-01-25 20:09:18.585 [info] Getting sessions for read:user,repo,user:email,workflow...
2025-01-25 20:09:18.585 [info] Got 1 sessions for read:user,repo,user:email,workflow...
2025-01-25 20:09:22.994 [info] Getting sessions for all scopes...
2025-01-25 20:09:22.994 [info] Got 2 sessions for ...
2025-01-25 20:09:23.077 [info] Getting sessions for read:user,repo,user:email,workflow...
2025-01-25 20:09:23.077 [info] Got 1 sessions for read:user,repo,user:email,workflow...
2025-01-25 20:11:21.788 [info] Getting sessions for all scopes...
2025-01-25 20:11:21.788 [info] Got 2 sessions for ...
2025-01-25 20:11:21.794 [info] Getting sessions for read:user,repo,user:email,workflow...
2025-01-25 20:11:21.794 [info] Got 1 sessions for read:user,repo,user:email,workflow...
2025-01-25 20:11:23.530 [info] Getting sessions for all scopes...
2025-01-25 20:11:23.530 [info] Got 2 sessions for ...
2025-01-25 20:11:23.543 [info] Getting sessions for read:user,repo,user:email,workflow...
2025-01-25 20:11:23.543 [info] Got 1 sessions for read:user,repo,user:email,workflow...
2025-01-25 20:11:26.225 [info] Getting sessions for all scopes...
2025-01-25 20:11:26.225 [info] Got 2 sessions for ...
2025-01-25 20:11:26.276 [info] Getting sessions for read:user,repo,user:email,workflow...
2025-01-25 20:11:26.276 [info] Got 1 sessions for read:user,repo,user:email,workflow...
2025-01-25 20:12:36.394 [info] Getting sessions for all scopes...
2025-01-25 20:12:36.394 [info] Got 2 sessions for ...
2025-01-25 20:12:36.396 [info] Getting sessions for read:user,repo,user:email,workflow...
2025-01-25 20:12:36.396 [info] Got 1 sessions for read:user,repo,user:email,workflow...
2025-01-25 20:12:36.567 [info] Getting sessions for all scopes...
2025-01-25 20:12:36.567 [info] Got 2 sessions for ...
2025-01-25 20:12:36.570 [info] Getting sessions for read:user,repo,user:email,workflow...
2025-01-25 20:12:36.570 [info] Got 1 sessions for read:user,repo,user:email,workflow...
2025-01-25 20:12:38.210 [info] Getting sessions for all scopes...
2025-01-25 20:12:38.210 [info] Got 2 sessions for ...
2025-01-25 20:12:38.225 [info] Getting sessions for read:user,repo,user:email,workflow...
2025-01-25 20:12:38.225 [info] Got 1 sessions for read:user,repo,user:email,workflow...
2025-01-25 20:12:40.951 [info] Getting sessions for all scopes...
2025-01-25 20:12:40.951 [info] Got 2 sessions for ...
2025-01-25 20:12:41.028 [info] Getting sessions for read:user,repo,user:email,workflow...
2025-01-25 20:12:41.028 [info] Got 1 sessions for read:user,repo,user:email,workflow...
2025-01-25 20:17:01.308 [info] Getting sessions for all scopes...
2025-01-25 20:17:01.308 [info] Got 2 sessions for ...
2025-01-25 20:17:01.310 [info] Getting sessions for read:user,repo,user:email,workflow...
2025-01-25 20:17:01.310 [info] Got 1 sessions for read:user,repo,user:email,workflow...
2025-01-25 20:27:00.135 [info] Getting sessions for read:user,repo,user:email,workflow...
2025-01-25 20:27:00.135 [info] Got 1 sessions for read:user,repo,user:email,workflow...
2025-01-25 20:27:00.377 [info] Getting sessions for all scopes...
2025-01-25 20:27:00.377 [info] Got 2 sessions for ...
2025-01-25 20:27:00.378 [info] Getting sessions for read:user,repo,user:email,workflow...
2025-01-25 20:27:00.378 [info] Got 1 sessions for read:user,repo,user:email,workflow...
2025-01-25 20:27:01.015 [info] Getting sessions for all scopes...
2025-01-25 20:27:01.015 [info] Got 2 sessions for ...
2025-01-25 20:27:01.016 [info] Getting sessions for all scopes...
2025-01-25 20:27:01.016 [info] Got 2 sessions for ...
2025-01-25 20:27:01.017 [info] Getting sessions for read:user,repo,user:email,workflow...
2025-01-25 20:27:01.017 [info] Got 1 sessions for read:user,repo,user:email,workflow...
2025-01-25 20:27:01.018 [info] Getting sessions for all scopes...
2025-01-25 20:27:01.018 [info] Got 2 sessions for ...
2025-01-25 20:27:01.020 [info] Getting sessions for read:user,repo,user:email,workflow...
2025-01-25 20:27:01.020 [info] Got 1 sessions for read:user,repo,user:email,workflow...
2025-01-25 20:27:01.023 [info] Getting sessions for all scopes...
2025-01-25 20:27:01.023 [info] Got 2 sessions for ...
2025-01-25 20:27:01.024 [info] Getting sessions for read:user,repo,user:email,workflow...
2025-01-25 20:27:01.024 [info] Got 1 sessions for read:user,repo,user:email,workflow...
2025-01-25 20:27:01.028 [info] Getting sessions for all scopes...
2025-01-25 20:27:01.028 [info] Got 2 sessions for ...
2025-01-25 20:27:01.029 [info] Getting sessions for read:user,repo,user:email,workflow...
2025-01-25 20:27:01.029 [info] Got 1 sessions for read:user,repo,user:email,workflow...
2025-01-25 20:32:52.680 [info] Getting sessions for all scopes...
2025-01-25 20:32:52.680 [info] Got 2 sessions for ...
2025-01-25 20:32:52.683 [info] Getting sessions for read:user,repo,user:email,workflow...
2025-01-25 20:32:52.683 [info] Got 1 sessions for read:user,repo,user:email,workflow...
2025-01-25 20:32:54.938 [info] Getting sessions for all scopes...
2025-01-25 20:32:54.938 [info] Got 2 sessions for ...
2025-01-25 20:32:54.954 [info] Getting sessions for read:user,repo,user:email,workflow...
2025-01-25 20:32:54.954 [info] Got 1 sessions for read:user,repo,user:email,workflow...
2025-01-25 20:32:57.358 [info] Getting sessions for all scopes...
2025-01-25 20:32:57.358 [info] Got 2 sessions for ...
2025-01-25 20:32:57.375 [info] Getting sessions for read:user,repo,user:email,workflow...
2025-01-25 20:32:57.375 [info] Got 1 sessions for read:user,repo,user:email,workflow...
2025-01-25 20:34:09.414 [info] Getting sessions for all scopes...
2025-01-25 20:34:09.414 [info] Got 2 sessions for ...
2025-01-25 20:34:09.429 [info] Getting sessions for read:user,repo,user:email,workflow...
2025-01-25 20:34:09.429 [info] Got 1 sessions for read:user,repo,user:email,workflow...
2025-01-25 20:34:10.917 [info] Getting sessions for all scopes...
2025-01-25 20:34:10.917 [info] Got 2 sessions for ...
2025-01-25 20:34:10.933 [info] Getting sessions for read:user,repo,user:email,workflow...
2025-01-25 20:34:10.933 [info] Got 1 sessions for read:user,repo,user:email,workflow...
2025-01-25 20:34:14.343 [info] Getting sessions for all scopes...
2025-01-25 20:34:14.343 [info] Got 2 sessions for ...
2025-01-25 20:34:14.380 [info] Getting sessions for read:user,repo,user:email,workflow...
2025-01-25 20:34:14.380 [info] Got 1 sessions for read:user,repo,user:email,workflow...
2025-01-25 20:34:58.696 [info] Getting sessions for all scopes...
2025-01-25 20:34:58.696 [info] Got 2 sessions for ...
2025-01-25 20:34:58.698 [info] Getting sessions for read:user,repo,user:email,workflow...
2025-01-25 20:34:58.698 [info] Got 1 sessions for read:user,repo,user:email,workflow...
2025-01-25 20:35:00.395 [info] Getting sessions for all scopes...
2025-01-25 20:35:00.395 [info] Got 2 sessions for ...
2025-01-25 20:35:00.403 [info] Getting sessions for read:user,repo,user:email,workflow...
2025-01-25 20:35:00.403 [info] Got 1 sessions for read:user,repo,user:email,workflow...
2025-01-25 20:35:03.276 [info] Getting sessions for all scopes...
2025-01-25 20:35:03.276 [info] Got 2 sessions for ...
2025-01-25 20:35:03.316 [info] Getting sessions for read:user,repo,user:email,workflow...
2025-01-25 20:35:03.316 [info] Got 1 sessions for read:user,repo,user:email,workflow...
2025-01-25 20:36:38.767 [info] Getting sessions for all scopes...
2025-01-25 20:36:38.767 [info] Got 2 sessions for ...
2025-01-25 20:36:38.770 [info] Getting sessions for read:user,repo,user:email,workflow...
2025-01-25 20:36:38.770 [info] Got 1 sessions for read:user,repo,user:email,workflow...
2025-01-25 20:36:41.049 [info] Getting sessions for all scopes...
2025-01-25 20:36:41.049 [info] Got 2 sessions for ...
2025-01-25 20:36:41.061 [info] Getting sessions for read:user,repo,user:email,workflow...
2025-01-25 20:36:41.061 [info] Got 1 sessions for read:user,repo,user:email,workflow...
2025-01-25 20:36:44.993 [info] Getting sessions for all scopes...
2025-01-25 20:36:44.993 [info] Got 2 sessions for ...
2025-01-25 20:36:45.012 [info] Getting sessions for read:user,repo,user:email,workflow...
2025-01-25 20:36:45.012 [info] Got 1 sessions for read:user,repo,user:email,workflow...
2025-01-25 20:38:25.354 [info] Getting sessions for all scopes...
2025-01-25 20:38:25.354 [info] Got 2 sessions for ...
2025-01-25 20:38:25.354 [info] Getting sessions for read:user,repo,user:email,workflow...
2025-01-25 20:38:25.354 [info] Got 1 sessions for read:user,repo,user:email,workflow...
2025-01-25 20:38:25.656 [info] Getting sessions for all scopes...
2025-01-25 20:38:25.656 [info] Got 2 sessions for ...
2025-01-25 20:38:25.656 [info] Getting sessions for read:user,repo,user:email,workflow...
2025-01-25 20:38:25.656 [info] Got 1 sessions for read:user,repo,user:email,workflow...
2025-01-25 20:38:28.093 [info] Getting sessions for all scopes...
2025-01-25 20:38:28.093 [info] Got 2 sessions for ...
2025-01-25 20:38:28.112 [info] Getting sessions for read:user,repo,user:email,workflow...
2025-01-25 20:38:28.112 [info] Got 1 sessions for read:user,repo,user:email,workflow...
2025-01-25 20:38:33.465 [info] Getting sessions for all scopes...
2025-01-25 20:38:33.465 [info] Got 2 sessions for ...
2025-01-25 20:38:33.516 [info] Getting sessions for read:user,repo,user:email,workflow...
2025-01-25 20:38:33.516 [info] Got 1 sessions for read:user,repo,user:email,workflow...
2025-01-25 20:40:04.313 [info] Getting sessions for all scopes...
2025-01-25 20:40:04.313 [info] Got 2 sessions for ...
2025-01-25 20:40:04.315 [info] Getting sessions for read:user,repo,user:email,workflow...
2025-01-25 20:40:04.315 [info] Got 1 sessions for read:user,repo,user:email,workflow...
2025-01-25 20:40:05.140 [info] Getting sessions for all scopes...
2025-01-25 20:40:05.140 [info] Got 2 sessions for ...
2025-01-25 20:40:05.161 [info] Getting sessions for read:user,repo,user:email,workflow...
2025-01-25 20:40:05.161 [info] Got 1 sessions for read:user,repo,user:email,workflow...
2025-01-25 20:40:06.289 [info] Getting sessions for all scopes...
2025-01-25 20:40:06.289 [info] Got 2 sessions for ...
2025-01-25 20:40:06.371 [info] Getting sessions for read:user,repo,user:email,workflow...
2025-01-25 20:40:06.371 [info] Got 1 sessions for read:user,repo,user:email,workflow...
2025-01-25 20:40:44.499 [info] Getting sessions for all scopes...
2025-01-25 20:40:44.499 [info] Got 2 sessions for ...
2025-01-25 20:40:44.501 [info] Getting sessions for read:user,repo,user:email,workflow...
2025-01-25 20:40:44.501 [info] Got 1 sessions for read:user,repo,user:email,workflow...
2025-01-25 20:40:46.899 [info] Getting sessions for all scopes...
2025-01-25 20:40:46.899 [info] Got 2 sessions for ...
2025-01-25 20:40:46.933 [info] Getting sessions for read:user,repo,user:email,workflow...
2025-01-25 20:40:46.934 [info] Got 1 sessions for read:user,repo,user:email,workflow...
2025-01-25 20:40:49.981 [info] Getting sessions for all scopes...
2025-01-25 20:40:49.981 [info] Got 2 sessions for ...
2025-01-25 20:40:50.018 [info] Getting sessions for read:user,repo,user:email,workflow...
2025-01-25 20:40:50.018 [info] Got 1 sessions for read:user,repo,user:email,workflow...
2025-01-25 20:40:59.290 [info] Getting sessions for all scopes...
2025-01-25 20:40:59.290 [info] Got 2 sessions for ...
2025-01-25 20:40:59.295 [info] Getting sessions for read:user,repo,user:email,workflow...
2025-01-25 20:40:59.295 [info] Got 1 sessions for read:user,repo,user:email,workflow...
2025-01-25 20:41:00.002 [info] Getting sessions for all scopes...
2025-01-25 20:41:00.002 [info] Got 2 sessions for ...
2025-01-25 20:41:00.016 [info] Getting sessions for read:user,repo,user:email,workflow...
2025-01-25 20:41:00.016 [info] Got 1 sessions for read:user,repo,user:email,workflow...
2025-01-25 20:41:00.880 [info] Getting sessions for all scopes...
2025-01-25 20:41:00.880 [info] Got 2 sessions for ...
2025-01-25 20:41:00.898 [info] Getting sessions for read:user,repo,user:email,workflow...
2025-01-25 20:41:00.898 [info] Got 1 sessions for read:user,repo,user:email,workflow...
2025-01-25 20:41:09.907 [info] Getting sessions for all scopes...
2025-01-25 20:41:09.907 [info] Got 2 sessions for ...
2025-01-25 20:41:09.914 [info] Getting sessions for read:user,repo,user:email,workflow...
2025-01-25 20:41:09.914 [info] Got 1 sessions for read:user,repo,user:email,workflow...
2025-01-25 20:41:10.658 [info] Getting sessions for all scopes...
2025-01-25 20:41:10.658 [info] Got 2 sessions for ...
2025-01-25 20:41:10.675 [info] Getting sessions for read:user,repo,user:email,workflow...
2025-01-25 20:41:10.675 [info] Got 1 sessions for read:user,repo,user:email,workflow...
2025-01-25 20:41:11.739 [info] Getting sessions for all scopes...
2025-01-25 20:41:11.739 [info] Got 2 sessions for ...
2025-01-25 20:41:11.743 [info] Getting sessions for read:user,repo,user:email,workflow...
2025-01-25 20:41:11.743 [info] Got 1 sessions for read:user,repo,user:email,workflow...
2025-01-25 20:42:02.488 [info] Getting sessions for all scopes...
2025-01-25 20:42:02.488 [info] Got 2 sessions for ...
2025-01-25 20:42:02.491 [info] Getting sessions for read:user,repo,user:email,workflow...
2025-01-25 20:42:02.491 [info] Got 1 sessions for read:user,repo,user:email,workflow...
2025-01-25 20:50:52.801 [info] Getting sessions for all scopes...
2025-01-25 20:50:52.801 [info] Got 2 sessions for ...
2025-01-25 20:50:52.803 [info] Getting sessions for read:user,repo,user:email,workflow...
2025-01-25 20:50:52.803 [info] Got 1 sessions for read:user,repo,user:email,workflow...
2025-01-25 20:50:53.236 [info] Getting sessions for all scopes...
2025-01-25 20:50:53.236 [info] Got 2 sessions for ...
2025-01-25 20:50:53.237 [info] Getting sessions for read:user,repo,user:email,workflow...
2025-01-25 20:50:53.237 [info] Got 1 sessions for read:user,repo,user:email,workflow...
2025-01-25 20:50:55.343 [info] Getting sessions for all scopes...
2025-01-25 20:50:55.343 [info] Got 2 sessions for ...
2025-01-25 20:50:55.356 [info] Getting sessions for read:user,repo,user:email,workflow...
2025-01-25 20:50:55.356 [info] Got 1 sessions for read:user,repo,user:email,workflow...
2025-01-25 20:50:59.185 [info] Getting sessions for all scopes...
2025-01-25 20:50:59.185 [info] Got 2 sessions for ...
2025-01-25 20:50:59.243 [info] Getting sessions for read:user,repo,user:email,workflow...
2025-01-25 20:50:59.251 [info] Got 1 sessions for read:user,repo,user:email,workflow...
2025-01-25 20:51:08.350 [info] Getting sessions for all scopes...
2025-01-25 20:51:08.350 [info] Got 2 sessions for ...
2025-01-25 20:51:08.352 [info] Getting sessions for read:user,repo,user:email,workflow...
2025-01-25 20:51:08.352 [info] Got 1 sessions for read:user,repo,user:email,workflow...
2025-01-25 20:51:10.919 [info] Getting sessions for all scopes...
2025-01-25 20:51:10.919 [info] Got 2 sessions for ...
2025-01-25 20:51:10.935 [info] Getting sessions for read:user,repo,user:email,workflow...
2025-01-25 20:51:10.935 [info] Got 1 sessions for read:user,repo,user:email,workflow...
2025-01-25 20:51:14.163 [info] Getting sessions for all scopes...
2025-01-25 20:51:14.163 [info] Got 2 sessions for ...
2025-01-25 20:51:14.209 [info] Getting sessions for read:user,repo,user:email,workflow...
2025-01-25 20:51:14.209 [info] Got 1 sessions for read:user,repo,user:email,workflow...
2025-01-25 20:52:00.591 [info] Getting sessions for read:user,repo,user:email,workflow...
2025-01-25 20:52:00.591 [info] Got 1 sessions for read:user,repo,user:email,workflow...
2025-01-25 20:52:01.016 [info] Getting sessions for all scopes...
2025-01-25 20:52:01.016 [info] Got 2 sessions for ...
2025-01-25 20:52:01.018 [info] Getting sessions for read:user,repo,user:email,workflow...
2025-01-25 20:52:01.018 [info] Got 1 sessions for read:user,repo,user:email,workflow...
2025-01-25 20:52:01.628 [info] Getting sessions for all scopes...
2025-01-25 20:52:01.628 [info] Got 2 sessions for ...
2025-01-25 20:52:01.628 [info] Getting sessions for all scopes...
2025-01-25 20:52:01.628 [info] Got 2 sessions for ...
2025-01-25 20:52:01.630 [info] Getting sessions for read:user,repo,user:email,workflow...
2025-01-25 20:52:01.630 [info] Got 1 sessions for read:user,repo,user:email,workflow...
2025-01-25 20:52:01.631 [info] Getting sessions for all scopes...
2025-01-25 20:52:01.631 [info] Got 2 sessions for ...
2025-01-25 20:52:01.633 [info] Getting sessions for read:user,repo,user:email,workflow...
2025-01-25 20:52:01.633 [info] Got 1 sessions for read:user,repo,user:email,workflow...
2025-01-25 20:52:01.637 [info] Getting sessions for all scopes...
2025-01-25 20:52:01.637 [info] Got 2 sessions for ...
2025-01-25 20:52:01.638 [info] Getting sessions for read:user,repo,user:email,workflow...
2025-01-25 20:52:01.638 [info] Got 1 sessions for read:user,repo,user:email,workflow...
2025-01-25 20:53:08.435 [info] Getting sessions for all scopes...
2025-01-25 20:53:08.435 [info] Got 2 sessions for ...
2025-01-25 20:53:08.437 [info] Getting sessions for read:user,repo,user:email,workflow...
2025-01-25 20:53:08.437 [info] Got 1 sessions for read:user,repo,user:email,workflow...
2025-01-25 20:53:10.499 [info] Getting sessions for all scopes...
2025-01-25 20:53:10.499 [info] Got 2 sessions for ...
2025-01-25 20:53:10.521 [info] Getting sessions for read:user,repo,user:email,workflow...
2025-01-25 20:53:10.521 [info] Got 1 sessions for read:user,repo,user:email,workflow...
2025-01-25 20:53:13.818 [info] Getting sessions for all scopes...
2025-01-25 20:53:13.818 [info] Got 2 sessions for ...
2025-01-25 20:53:13.841 [info] Getting sessions for read:user,repo,user:email,workflow...
2025-01-25 20:53:13.841 [info] Got 1 sessions for read:user,repo,user:email,workflow...
2025-01-25 20:53:43.509 [info] Getting sessions for all scopes...
2025-01-25 20:53:43.509 [info] Got 2 sessions for ...
2025-01-25 20:53:43.532 [info] Getting sessions for read:user,repo,user:email,workflow...
2025-01-25 20:53:43.532 [info] Got 1 sessions for read:user,repo,user:email,workflow...
2025-01-25 20:53:44.805 [info] Getting sessions for all scopes...
2025-01-25 20:53:44.805 [info] Got 2 sessions for ...
2025-01-25 20:53:44.820 [info] Getting sessions for read:user,repo,user:email,workflow...
2025-01-25 20:53:44.820 [info] Got 1 sessions for read:user,repo,user:email,workflow...
2025-01-25 20:53:47.679 [info] Getting sessions for all scopes...
2025-01-25 20:53:47.679 [info] Got 2 sessions for ...
2025-01-25 20:53:47.696 [info] Getting sessions for read:user,repo,user:email,workflow...
2025-01-25 20:53:47.696 [info] Got 1 sessions for read:user,repo,user:email,workflow...
2025-01-25 20:54:15.793 [info] Getting sessions for all scopes...
2025-01-25 20:54:15.793 [info] Got 2 sessions for ...
2025-01-25 20:54:15.887 [info] Getting sessions for read:user,repo,user:email,workflow...
2025-01-25 20:54:15.887 [info] Got 1 sessions for read:user,repo,user:email,workflow...
2025-01-25 20:54:17.956 [info] Getting sessions for all scopes...
2025-01-25 20:54:17.956 [info] Got 2 sessions for ...
2025-01-25 20:54:17.969 [info] Getting sessions for read:user,repo,user:email,workflow...
2025-01-25 20:54:17.969 [info] Got 1 sessions for read:user,repo,user:email,workflow...
2025-01-25 20:54:24.586 [info] Getting sessions for all scopes...
2025-01-25 20:54:24.586 [info] Got 2 sessions for ...
2025-01-25 20:54:24.636 [info] Getting sessions for read:user,repo,user:email,workflow...
2025-01-25 20:54:24.636 [info] Got 1 sessions for read:user,repo,user:email,workflow...
2025-01-25 20:55:11.683 [info] Getting sessions for all scopes...
2025-01-25 20:55:11.683 [info] Got 2 sessions for ...
2025-01-25 20:55:11.689 [info] Getting sessions for read:user,repo,user:email,workflow...
2025-01-25 20:55:11.689 [info] Got 1 sessions for read:user,repo,user:email,workflow...
2025-01-25 20:55:12.576 [info] Getting sessions for all scopes...
2025-01-25 20:55:12.578 [info] Got 2 sessions for ...
2025-01-25 20:55:12.596 [info] Getting sessions for read:user,repo,user:email,workflow...
2025-01-25 20:55:12.596 [info] Got 1 sessions for read:user,repo,user:email,workflow...
2025-01-25 20:55:14.804 [info] Getting sessions for all scopes...
2025-01-25 20:55:14.804 [info] Got 2 sessions for ...
2025-01-25 20:55:14.815 [info] Getting sessions for read:user,repo,user:email,workflow...
2025-01-25 20:55:14.815 [info] Got 1 sessions for read:user,repo,user:email,workflow...
2025-01-25 20:56:16.865 [info] Getting sessions for all scopes...
2025-01-25 20:56:16.865 [info] Got 2 sessions for ...
2025-01-25 20:56:16.868 [info] Getting sessions for read:user,repo,user:email,workflow...
2025-01-25 20:56:16.868 [info] Got 1 sessions for read:user,repo,user:email,workflow...
2025-01-25 20:56:18.676 [info] Getting sessions for all scopes...
2025-01-25 20:56:18.676 [info] Got 2 sessions for ...
2025-01-25 20:56:18.689 [info] Getting sessions for read:user,repo,user:email,workflow...
2025-01-25 20:56:18.689 [info] Got 1 sessions for read:user,repo,user:email,workflow...
2025-01-25 20:56:22.381 [info] Getting sessions for all scopes...
2025-01-25 20:56:22.381 [info] Got 2 sessions for ...
2025-01-25 20:56:22.423 [info] Getting sessions for read:user,repo,user:email,workflow...
2025-01-25 20:56:22.423 [info] Got 1 sessions for read:user,repo,user:email,workflow...
2025-01-25 20:57:11.774 [info] Getting sessions for all scopes...
2025-01-25 20:57:11.775 [info] Got 2 sessions for ...
2025-01-25 20:57:11.780 [info] Getting sessions for read:user,repo,user:email,workflow...
2025-01-25 20:57:11.780 [info] Got 1 sessions for read:user,repo,user:email,workflow...
2025-01-25 20:57:13.736 [info] Getting sessions for all scopes...
2025-01-25 20:57:13.736 [info] Got 2 sessions for ...
2025-01-25 20:57:13.757 [info] Getting sessions for read:user,repo,user:email,workflow...
2025-01-25 20:57:13.757 [info] Got 1 sessions for read:user,repo,user:email,workflow...
2025-01-25 20:57:16.129 [info] Getting sessions for all scopes...
2025-01-25 20:57:16.129 [info] Got 2 sessions for ...
2025-01-25 20:57:16.162 [info] Getting sessions for read:user,repo,user:email,workflow...
2025-01-25 20:57:16.162 [info] Got 1 sessions for read:user,repo,user:email,workflow...
2025-01-25 20:57:55.874 [info] Getting sessions for all scopes...
2025-01-25 20:57:55.874 [info] Got 2 sessions for ...
2025-01-25 20:57:55.876 [info] Getting sessions for read:user,repo,user:email,workflow...
2025-01-25 20:57:55.877 [info] Got 1 sessions for read:user,repo,user:email,workflow...
2025-01-25 20:57:57.906 [info] Getting sessions for all scopes...
2025-01-25 20:57:57.906 [info] Got 2 sessions for ...
2025-01-25 20:57:57.950 [info] Getting sessions for read:user,repo,user:email,workflow...
2025-01-25 20:57:57.950 [info] Got 1 sessions for read:user,repo,user:email,workflow...
2025-01-25 20:58:03.026 [info] Getting sessions for all scopes...
2025-01-25 20:58:03.026 [info] Got 2 sessions for ...
2025-01-25 20:58:03.099 [info] Getting sessions for read:user,repo,user:email,workflow...
2025-01-25 20:58:03.099 [info] Got 1 sessions for read:user,repo,user:email,workflow...
2025-01-25 20:58:42.725 [info] Getting sessions for all scopes...
2025-01-25 20:58:42.725 [info] Got 2 sessions for ...
2025-01-25 20:58:42.730 [info] Getting sessions for read:user,repo,user:email,workflow...
2025-01-25 20:58:42.730 [info] Got 1 sessions for read:user,repo,user:email,workflow...
2025-01-25 20:58:45.221 [info] Getting sessions for all scopes...
2025-01-25 20:58:45.221 [info] Got 2 sessions for ...
2025-01-25 20:58:45.234 [info] Getting sessions for read:user,repo,user:email,workflow...
2025-01-25 20:58:45.234 [info] Got 1 sessions for read:user,repo,user:email,workflow...
2025-01-25 20:58:50.366 [info] Getting sessions for all scopes...
2025-01-25 20:58:50.369 [info] Got 2 sessions for ...
2025-01-25 20:58:50.402 [info] Getting sessions for read:user,repo,user:email,workflow...
2025-01-25 20:58:50.402 [info] Got 1 sessions for read:user,repo,user:email,workflow...
2025-01-25 20:59:51.073 [info] Getting sessions for all scopes...
2025-01-25 20:59:51.073 [info] Got 2 sessions for ...
2025-01-25 20:59:51.151 [info] Getting sessions for read:user,repo,user:email,workflow...
2025-01-25 20:59:51.151 [info] Got 1 sessions for read:user,repo,user:email,workflow...
2025-01-25 20:59:52.996 [info] Getting sessions for all scopes...
2025-01-25 20:59:52.996 [info] Got 2 sessions for ...
2025-01-25 20:59:53.047 [info] Getting sessions for read:user,repo,user:email,workflow...
2025-01-25 20:59:53.047 [info] Got 1 sessions for read:user,repo,user:email,workflow...
2025-01-25 20:59:58.412 [info] Getting sessions for all scopes...
2025-01-25 20:59:58.412 [info] Got 2 sessions for ...
2025-01-25 20:59:58.437 [info] Getting sessions for read:user,repo,user:email,workflow...
2025-01-25 20:59:58.437 [info] Got 1 sessions for read:user,repo,user:email,workflow...
2025-01-25 21:01:23.440 [info] Getting sessions for all scopes...
2025-01-25 21:01:23.440 [info] Got 2 sessions for ...
2025-01-25 21:01:23.452 [info] Getting sessions for read:user,repo,user:email,workflow...
2025-01-25 21:01:23.452 [info] Got 1 sessions for read:user,repo,user:email,workflow...
2025-01-25 21:01:23.585 [info] Getting sessions for all scopes...
2025-01-25 21:01:23.585 [info] Got 2 sessions for ...
2025-01-25 21:01:23.586 [info] Getting sessions for read:user,repo,user:email,workflow...
2025-01-25 21:01:23.586 [info] Got 1 sessions for read:user,repo,user:email,workflow...
2025-01-25 21:01:25.938 [info] Getting sessions for all scopes...
2025-01-25 21:01:25.938 [info] Got 2 sessions for ...
2025-01-25 21:01:25.953 [info] Getting sessions for read:user,repo,user:email,workflow...
2025-01-25 21:01:25.953 [info] Got 1 sessions for read:user,repo,user:email,workflow...
2025-01-25 21:01:31.375 [info] Getting sessions for all scopes...
2025-01-25 21:01:31.375 [info] Got 2 sessions for ...
2025-01-25 21:01:31.401 [info] Getting sessions for read:user,repo,user:email,workflow...
2025-01-25 21:01:31.401 [info] Got 1 sessions for read:user,repo,user:email,workflow...
2025-01-25 21:02:32.447 [info] Getting sessions for all scopes...
2025-01-25 21:02:32.447 [info] Got 2 sessions for ...
2025-01-25 21:02:32.454 [info] Getting sessions for read:user,repo,user:email,workflow...
2025-01-25 21:02:32.454 [info] Got 1 sessions for read:user,repo,user:email,workflow...
2025-01-25 21:02:34.831 [info] Getting sessions for all scopes...
2025-01-25 21:02:34.831 [info] Got 2 sessions for ...
2025-01-25 21:02:34.847 [info] Getting sessions for read:user,repo,user:email,workflow...
2025-01-25 21:02:34.847 [info] Got 1 sessions for read:user,repo,user:email,workflow...
2025-01-25 21:02:40.211 [info] Getting sessions for all scopes...
2025-01-25 21:02:40.211 [info] Got 2 sessions for ...
2025-01-25 21:02:40.254 [info] Getting sessions for read:user,repo,user:email,workflow...
2025-01-25 21:02:40.254 [info] Got 1 sessions for read:user,repo,user:email,workflow...
2025-01-25 21:02:41.063 [info] Getting sessions for all scopes...
2025-01-25 21:02:41.063 [info] Got 2 sessions for ...
2025-01-25 21:02:41.111 [info] Getting sessions for read:user,repo,user:email,workflow...
2025-01-25 21:02:41.111 [info] Got 1 sessions for read:user,repo,user:email,workflow...
2025-01-25 21:02:44.307 [info] Getting sessions for all scopes...
2025-01-25 21:02:44.307 [info] Got 2 sessions for ...
2025-01-25 21:02:44.341 [info] Getting sessions for read:user,repo,user:email,workflow...
2025-01-25 21:02:44.341 [info] Got 1 sessions for read:user,repo,user:email,workflow...
2025-01-25 21:02:49.302 [info] Getting sessions for all scopes...
2025-01-25 21:02:49.302 [info] Got 2 sessions for ...
2025-01-25 21:02:49.340 [info] Getting sessions for read:user,repo,user:email,workflow...
2025-01-25 21:02:49.340 [info] Got 1 sessions for read:user,repo,user:email,workflow...
2025-01-25 21:03:31.390 [info] Getting sessions for all scopes...
2025-01-25 21:03:31.390 [info] Got 2 sessions for ...
2025-01-25 21:03:31.393 [info] Getting sessions for read:user,repo,user:email,workflow...
2025-01-25 21:03:31.393 [info] Got 1 sessions for read:user,repo,user:email,workflow...
2025-01-25 21:03:34.735 [info] Getting sessions for all scopes...
2025-01-25 21:03:34.735 [info] Got 2 sessions for ...
2025-01-25 21:03:34.749 [info] Getting sessions for read:user,repo,user:email,workflow...
2025-01-25 21:03:34.749 [info] Got 1 sessions for read:user,repo,user:email,workflow...
2025-01-25 21:03:41.853 [info] Getting sessions for all scopes...
2025-01-25 21:03:41.853 [info] Got 2 sessions for ...
2025-01-25 21:03:41.879 [info] Getting sessions for read:user,repo,user:email,workflow...
2025-01-25 21:03:41.879 [info] Got 1 sessions for read:user,repo,user:email,workflow...
2025-01-25 21:06:16.342 [info] Getting sessions for all scopes...
2025-01-25 21:06:16.344 [info] Got 2 sessions for ...
2025-01-25 21:06:16.349 [info] Getting sessions for read:user,repo,user:email,workflow...
2025-01-25 21:06:16.349 [info] Got 1 sessions for read:user,repo,user:email,workflow...
2025-01-25 21:06:20.009 [info] Getting sessions for all scopes...
2025-01-25 21:06:20.009 [info] Got 2 sessions for ...
2025-01-25 21:06:20.021 [info] Getting sessions for read:user,repo,user:email,workflow...
2025-01-25 21:06:20.021 [info] Got 1 sessions for read:user,repo,user:email,workflow...
2025-01-25 21:06:24.470 [info] Getting sessions for all scopes...
2025-01-25 21:06:24.470 [info] Got 2 sessions for ...
2025-01-25 21:06:24.514 [info] Getting sessions for read:user,repo,user:email,workflow...
2025-01-25 21:06:24.514 [info] Got 1 sessions for read:user,repo,user:email,workflow...
2025-01-25 21:07:01.649 [info] Getting sessions for all scopes...
2025-01-25 21:07:01.649 [info] Got 2 sessions for ...
2025-01-25 21:07:01.651 [info] Getting sessions for read:user,repo,user:email,workflow...
2025-01-25 21:07:01.651 [info] Got 1 sessions for read:user,repo,user:email,workflow...
2025-01-25 21:07:12.153 [info] Getting sessions for all scopes...
2025-01-25 21:07:12.153 [info] Got 2 sessions for ...
2025-01-25 21:07:12.155 [info] Getting sessions for read:user,repo,user:email,workflow...
2025-01-25 21:07:12.155 [info] Got 1 sessions for read:user,repo,user:email,workflow...
2025-01-25 21:07:14.897 [info] Getting sessions for all scopes...
2025-01-25 21:07:14.897 [info] Got 2 sessions for ...
2025-01-25 21:07:14.921 [info] Getting sessions for read:user,repo,user:email,workflow...
2025-01-25 21:07:14.921 [info] Got 1 sessions for read:user,repo,user:email,workflow...
2025-01-25 21:07:18.561 [info] Getting sessions for all scopes...
2025-01-25 21:07:18.561 [info] Got 2 sessions for ...
2025-01-25 21:07:18.579 [info] Getting sessions for read:user,repo,user:email,workflow...
2025-01-25 21:07:18.579 [info] Got 1 sessions for read:user,repo,user:email,workflow...
2025-01-25 21:09:34.579 [info] Getting sessions for all scopes...
2025-01-25 21:09:34.579 [info] Got 2 sessions for ...
2025-01-25 21:09:34.597 [info] Getting sessions for read:user,repo,user:email,workflow...
2025-01-25 21:09:34.597 [info] Got 1 sessions for read:user,repo,user:email,workflow...
2025-01-25 21:09:37.585 [info] Getting sessions for all scopes...
2025-01-25 21:09:37.586 [info] Got 2 sessions for ...
2025-01-25 21:09:37.597 [info] Getting sessions for read:user,repo,user:email,workflow...
2025-01-25 21:09:37.597 [info] Got 1 sessions for read:user,repo,user:email,workflow...
2025-01-25 21:09:42.884 [info] Getting sessions for all scopes...
2025-01-25 21:09:42.884 [info] Got 2 sessions for ...
2025-01-25 21:09:42.908 [info] Getting sessions for read:user,repo,user:email,workflow...
2025-01-25 21:09:42.908 [info] Got 1 sessions for read:user,repo,user:email,workflow...
2025-01-25 21:10:03.424 [info] Getting sessions for all scopes...
2025-01-25 21:10:03.424 [info] Got 2 sessions for ...
2025-01-25 21:10:03.429 [info] Getting sessions for read:user,repo,user:email,workflow...
2025-01-25 21:10:03.429 [info] Got 1 sessions for read:user,repo,user:email,workflow...
2025-01-25 21:10:05.969 [info] Getting sessions for all scopes...
2025-01-25 21:10:05.969 [info] Got 2 sessions for ...
2025-01-25 21:10:05.997 [info] Getting sessions for read:user,repo,user:email,workflow...
2025-01-25 21:10:05.997 [info] Got 1 sessions for read:user,repo,user:email,workflow...
2025-01-25 21:10:09.806 [info] Getting sessions for all scopes...
2025-01-25 21:10:09.806 [info] Got 2 sessions for ...
2025-01-25 21:10:09.891 [info] Getting sessions for read:user,repo,user:email,workflow...
2025-01-25 21:10:09.891 [info] Got 1 sessions for read:user,repo,user:email,workflow...
2025-01-25 21:11:30.585 [info] Getting sessions for all scopes...
2025-01-25 21:11:30.585 [info] Got 2 sessions for ...
2025-01-25 21:11:30.590 [info] Getting sessions for read:user,repo,user:email,workflow...
2025-01-25 21:11:30.590 [info] Got 1 sessions for read:user,repo,user:email,workflow...
2025-01-25 21:11:30.726 [info] Getting sessions for all scopes...
2025-01-25 21:11:30.726 [info] Got 2 sessions for ...
2025-01-25 21:11:30.728 [info] Getting sessions for read:user,repo,user:email,workflow...
2025-01-25 21:11:30.728 [info] Got 1 sessions for read:user,repo,user:email,workflow...
2025-01-25 21:11:33.538 [info] Getting sessions for all scopes...
2025-01-25 21:11:33.538 [info] Got 2 sessions for ...
2025-01-25 21:11:33.556 [info] Getting sessions for read:user,repo,user:email,workflow...
2025-01-25 21:11:33.556 [info] Got 1 sessions for read:user,repo,user:email,workflow...
2025-01-25 21:11:43.163 [info] Getting sessions for all scopes...
2025-01-25 21:11:43.163 [info] Got 2 sessions for ...
2025-01-25 21:11:43.206 [info] Getting sessions for read:user,repo,user:email,workflow...
2025-01-25 21:11:43.206 [info] Got 1 sessions for read:user,repo,user:email,workflow...
