2025-01-25 20:02:16.507 [info] [main] Log level: Info
2025-01-25 20:02:16.507 [info] [main] Validating found git in: "git"
2025-01-25 20:02:16.507 [info] [main] Using git "2.43.0" from "git"
2025-01-25 20:02:16.507 [info] [Model][doInitialScan] Initial repository scan started
2025-01-25 20:02:16.507 [info] > git rev-parse --show-toplevel [9ms]
2025-01-25 20:02:16.507 [info] fatal: not a git repository (or any of the parent directories): .git
2025-01-25 20:02:16.507 [info] [Model][doInitialScan] Initial repository scan completed - repositories (0), closed repositories (0), parent repositories (0), unsafe repositories (0)
2025-01-25 20:03:22.520 [info] > git rev-parse --show-toplevel [10ms]
2025-01-25 20:03:22.520 [info] fatal: not a git repository (or any of the parent directories): .git
2025-01-25 20:03:22.719 [info] > git rev-parse --show-toplevel [24ms]
2025-01-25 20:03:22.719 [info] fatal: not a git repository (or any of the parent directories): .git
2025-01-25 20:03:22.839 [info] > git rev-parse --show-toplevel [13ms]
2025-01-25 20:03:22.839 [info] fatal: not a git repository (or any of the parent directories): .git
2025-01-25 20:03:23.217 [info] > git rev-parse --show-toplevel [5ms]
2025-01-25 20:03:23.217 [info] fatal: not a git repository (or any of the parent directories): .git
2025-01-25 20:03:23.465 [info] > git rev-parse --show-toplevel [5ms]
2025-01-25 20:03:23.465 [info] fatal: not a git repository (or any of the parent directories): .git
2025-01-25 20:03:24.599 [info] > git rev-parse --show-toplevel [5ms]
2025-01-25 20:03:24.599 [info] fatal: not a git repository (or any of the parent directories): .git
2025-01-25 20:03:24.617 [info] > git rev-parse --show-toplevel [3ms]
2025-01-25 20:03:24.617 [info] fatal: not a git repository (or any of the parent directories): .git
2025-01-25 20:03:24.633 [info] > git rev-parse --show-toplevel [3ms]
2025-01-25 20:03:24.633 [info] fatal: not a git repository (or any of the parent directories): .git
2025-01-25 20:03:24.648 [info] > git rev-parse --show-toplevel [2ms]
2025-01-25 20:03:24.648 [info] fatal: not a git repository (or any of the parent directories): .git
2025-01-25 20:03:24.662 [info] > git rev-parse --show-toplevel [2ms]
2025-01-25 20:03:24.662 [info] fatal: not a git repository (or any of the parent directories): .git
2025-01-25 20:05:13.442 [info] > git rev-parse --show-toplevel [2ms]
2025-01-25 20:05:13.988 [info] > git rev-parse --show-toplevel [10ms]
2025-01-25 20:05:14.091 [info] > git rev-parse --show-toplevel [2ms]
2025-01-25 20:05:14.402 [info] > git rev-parse --show-toplevel [16ms]
2025-01-25 20:05:14.429 [info] > git rev-parse --show-toplevel [1ms]
2025-01-25 20:05:14.447 [info] > git rev-parse --show-toplevel [3ms]
2025-01-25 20:07:10.620 [info] > git rev-parse --show-toplevel [0ms]
2025-01-25 20:07:10.620 [info] fatal: not a git repository (or any of the parent directories): .git
2025-01-25 20:07:20.876 [info] > git rev-parse --show-toplevel [49ms]
2025-01-25 20:09:19.936 [info] > git rev-parse --show-toplevel [3ms]
2025-01-25 20:09:20.119 [info] > git rev-parse --show-toplevel [4ms]
2025-01-25 20:09:20.323 [info] > git rev-parse --show-toplevel [3ms]
2025-01-25 20:09:20.501 [info] > git rev-parse --show-toplevel [7ms]
2025-01-25 20:09:22.462 [info] > git rev-parse --show-toplevel [3ms]
2025-01-25 20:09:23.036 [info] > git rev-parse --show-toplevel [3ms]
2025-01-25 20:09:23.381 [info] > git rev-parse --show-toplevel [17ms]
2025-01-25 20:09:23.405 [info] > git rev-parse --show-toplevel [3ms]
2025-01-25 20:09:23.421 [info] > git rev-parse --show-toplevel [2ms]
2025-01-25 20:09:23.436 [info] > git rev-parse --show-toplevel [3ms]
2025-01-25 20:09:23.453 [info] > git rev-parse --show-toplevel [1ms]
2025-01-25 20:09:23.465 [info] > git rev-parse --show-toplevel [0ms]
2025-01-25 20:11:24.969 [info] > git rev-parse --show-toplevel [4ms]
2025-01-25 20:11:25.213 [info] > git rev-parse --show-toplevel [2ms]
2025-01-25 20:11:25.369 [info] > git rev-parse --show-toplevel [4ms]
2025-01-25 20:11:25.507 [info] > git rev-parse --show-toplevel [7ms]
2025-01-25 20:11:25.829 [info] > git rev-parse --show-toplevel [9ms]
2025-01-25 20:11:26.107 [info] > git rev-parse --show-toplevel [3ms]
2025-01-25 20:11:26.602 [info] > git rev-parse --show-toplevel [3ms]
2025-01-25 20:11:26.619 [info] > git rev-parse --show-toplevel [1ms]
2025-01-25 20:11:26.637 [info] > git rev-parse --show-toplevel [1ms]
2025-01-25 20:11:26.656 [info] > git rev-parse --show-toplevel [7ms]
2025-01-25 20:11:26.670 [info] > git rev-parse --show-toplevel [2ms]
2025-01-25 20:11:26.685 [info] > git rev-parse --show-toplevel [1ms]
2025-01-25 20:12:39.506 [info] > git rev-parse --show-toplevel [0ms]
2025-01-25 20:12:39.744 [info] > git rev-parse --show-toplevel [3ms]
2025-01-25 20:12:40.572 [info] > git rev-parse --show-toplevel [10ms]
2025-01-25 20:12:40.842 [info] > git rev-parse --show-toplevel [6ms]
2025-01-25 20:12:41.295 [info] > git rev-parse --show-toplevel [2ms]
2025-01-25 20:12:41.322 [info] > git rev-parse --show-toplevel [5ms]
2025-01-25 20:12:41.347 [info] > git rev-parse --show-toplevel [1ms]
2025-01-25 20:12:41.368 [info] > git rev-parse --show-toplevel [2ms]
2025-01-25 20:20:42.691 [info] > git rev-parse --show-toplevel [5ms]
2025-01-25 20:20:42.794 [info] > git rev-parse --show-toplevel [12ms]
2025-01-25 20:20:42.824 [info] > git rev-parse --show-toplevel [1ms]
2025-01-25 20:20:42.839 [info] > git rev-parse --show-toplevel [0ms]
2025-01-25 20:20:42.862 [info] > git rev-parse --show-toplevel [8ms]
2025-01-25 20:20:42.883 [info] > git rev-parse --show-toplevel [2ms]
2025-01-25 20:32:52.626 [info] > git rev-parse --show-toplevel [0ms]
2025-01-25 20:32:52.650 [info] > git rev-parse --show-toplevel [1ms]
2025-01-25 20:32:52.683 [info] > git rev-parse --show-toplevel [8ms]
2025-01-25 20:32:52.706 [info] > git rev-parse --show-toplevel [2ms]
2025-01-25 20:32:56.683 [info] > git rev-parse --show-toplevel [3ms]
2025-01-25 20:32:57.104 [info] > git rev-parse --show-toplevel [49ms]
2025-01-25 20:32:57.207 [info] > git rev-parse --show-toplevel [5ms]
2025-01-25 20:32:57.574 [info] > git rev-parse --show-toplevel [0ms]
2025-01-25 20:32:57.846 [info] > git rev-parse --show-toplevel [2ms]
2025-01-25 20:32:57.870 [info] > git rev-parse --show-toplevel [2ms]
2025-01-25 20:32:57.882 [info] > git rev-parse --show-toplevel [6ms]
2025-01-25 20:32:57.896 [info] > git rev-parse --show-toplevel [5ms]
2025-01-25 20:33:28.589 [info] > git rev-parse --show-toplevel [4ms]
2025-01-25 20:33:28.602 [info] > git rev-parse --show-toplevel [0ms]
2025-01-25 20:33:28.623 [info] > git rev-parse --show-toplevel [7ms]
2025-01-25 20:33:28.638 [info] > git rev-parse --show-toplevel [12ms]
2025-01-25 20:33:31.952 [info] > git rev-parse --show-toplevel [11ms]
2025-01-25 20:33:31.990 [info] > git rev-parse --show-toplevel [6ms]
2025-01-25 20:33:32.023 [info] > git rev-parse --show-toplevel [9ms]
2025-01-25 20:33:32.049 [info] > git rev-parse --show-toplevel [3ms]
2025-01-25 20:33:33.191 [info] > git rev-parse --show-toplevel [0ms]
2025-01-25 20:33:33.215 [info] > git rev-parse --show-toplevel [0ms]
2025-01-25 20:33:33.236 [info] > git rev-parse --show-toplevel [1ms]
2025-01-25 20:33:33.257 [info] > git rev-parse --show-toplevel [3ms]
2025-01-25 20:34:09.388 [info] > git rev-parse --show-toplevel [5ms]
2025-01-25 20:34:09.416 [info] > git rev-parse --show-toplevel [4ms]
2025-01-25 20:34:09.434 [info] > git rev-parse --show-toplevel [5ms]
2025-01-25 20:34:09.463 [info] > git rev-parse --show-toplevel [2ms]
2025-01-25 20:34:12.575 [info] > git rev-parse --show-toplevel [3ms]
2025-01-25 20:34:12.837 [info] > git rev-parse --show-toplevel [2ms]
2025-01-25 20:34:13.291 [info] > git rev-parse --show-toplevel [1ms]
2025-01-25 20:34:13.643 [info] > git rev-parse --show-toplevel [18ms]
2025-01-25 20:34:13.813 [info] > git rev-parse --show-toplevel [3ms]
2025-01-25 20:34:14.070 [info] > git rev-parse --show-toplevel [3ms]
2025-01-25 20:34:14.343 [info] > git rev-parse --show-toplevel [0ms]
2025-01-25 20:34:14.733 [info] > git rev-parse --show-toplevel [2ms]
2025-01-25 20:34:14.775 [info] > git rev-parse --show-toplevel [14ms]
2025-01-25 20:34:14.791 [info] > git rev-parse --show-toplevel [1ms]
2025-01-25 20:34:14.805 [info] > git rev-parse --show-toplevel [2ms]
2025-01-25 20:34:14.818 [info] > git rev-parse --show-toplevel [2ms]
2025-01-25 20:34:14.831 [info] > git rev-parse --show-toplevel [0ms]
2025-01-25 20:34:14.852 [info] > git rev-parse --show-toplevel [5ms]
2025-01-25 20:35:03.221 [info] > git rev-parse --show-toplevel [3ms]
2025-01-25 20:35:03.491 [info] > git rev-parse --show-toplevel [0ms]
2025-01-25 20:35:03.658 [info] > git rev-parse --show-toplevel [9ms]
2025-01-25 20:35:04.005 [info] > git rev-parse --show-toplevel [6ms]
2025-01-25 20:35:04.020 [info] > git rev-parse --show-toplevel [6ms]
2025-01-25 20:35:04.038 [info] > git rev-parse --show-toplevel [2ms]
2025-01-25 20:36:42.788 [info] > git rev-parse --show-toplevel [0ms]
2025-01-25 20:36:43.113 [info] > git rev-parse --show-toplevel [11ms]
2025-01-25 20:36:43.533 [info] > git rev-parse --show-toplevel [6ms]
2025-01-25 20:36:43.865 [info] > git rev-parse --show-toplevel [4ms]
2025-01-25 20:36:44.399 [info] > git rev-parse --show-toplevel [10ms]
2025-01-25 20:36:44.694 [info] > git rev-parse --show-toplevel [3ms]
2025-01-25 20:36:45.102 [info] > git rev-parse --show-toplevel [9ms]
2025-01-25 20:36:45.449 [info] > git rev-parse --show-toplevel [13ms]
2025-01-25 20:36:45.471 [info] > git rev-parse --show-toplevel [4ms]
2025-01-25 20:36:45.486 [info] > git rev-parse --show-toplevel [1ms]
2025-01-25 20:36:45.501 [info] > git rev-parse --show-toplevel [2ms]
2025-01-25 20:36:45.514 [info] > git rev-parse --show-toplevel [4ms]
2025-01-25 20:36:45.528 [info] > git rev-parse --show-toplevel [1ms]
2025-01-25 20:36:45.541 [info] > git rev-parse --show-toplevel [2ms]
2025-01-25 20:37:02.298 [info] > git rev-parse --show-toplevel [5ms]
2025-01-25 20:37:02.328 [info] > git rev-parse --show-toplevel [6ms]
2025-01-25 20:37:02.372 [info] > git rev-parse --show-toplevel [0ms]
2025-01-25 20:37:03.710 [info] > git rev-parse --show-toplevel [0ms]
2025-01-25 20:37:03.734 [info] > git rev-parse --show-toplevel [0ms]
2025-01-25 20:37:03.751 [info] > git rev-parse --show-toplevel [3ms]
2025-01-25 20:38:31.354 [info] > git rev-parse --show-toplevel [8ms]
2025-01-25 20:38:31.727 [info] > git rev-parse --show-toplevel [20ms]
2025-01-25 20:38:32.019 [info] > git rev-parse --show-toplevel [4ms]
2025-01-25 20:38:32.405 [info] > git rev-parse --show-toplevel [3ms]
2025-01-25 20:38:33.413 [info] > git rev-parse --show-toplevel [0ms]
2025-01-25 20:38:33.837 [info] > git rev-parse --show-toplevel [2ms]
2025-01-25 20:38:33.857 [info] > git rev-parse --show-toplevel [14ms]
2025-01-25 20:38:33.873 [info] > git rev-parse --show-toplevel [6ms]
2025-01-25 20:38:33.881 [info] > git rev-parse --show-toplevel [0ms]
2025-01-25 20:38:33.901 [info] > git rev-parse --show-toplevel [1ms]
2025-01-25 20:40:48.483 [info] > git rev-parse --show-toplevel [3ms]
2025-01-25 20:40:48.784 [info] > git rev-parse --show-toplevel [10ms]
2025-01-25 20:40:49.079 [info] > git rev-parse --show-toplevel [4ms]
2025-01-25 20:40:49.182 [info] > git rev-parse --show-toplevel [13ms]
2025-01-25 20:40:49.432 [info] > git rev-parse --show-toplevel [3ms]
2025-01-25 20:40:50.583 [info] > git rev-parse --show-toplevel [12ms]
2025-01-25 20:40:50.655 [info] > git rev-parse --show-toplevel [8ms]
2025-01-25 20:40:50.705 [info] > git rev-parse --show-toplevel [0ms]
2025-01-25 20:40:50.754 [info] > git rev-parse --show-toplevel [6ms]
2025-01-25 20:40:50.815 [info] > git rev-parse --show-toplevel [3ms]
2025-01-25 20:50:57.135 [info] > git rev-parse --show-toplevel [8ms]
2025-01-25 20:50:57.363 [info] > git rev-parse --show-toplevel [20ms]
2025-01-25 20:50:57.419 [info] > git rev-parse --show-toplevel [3ms]
2025-01-25 20:50:57.737 [info] > git rev-parse --show-toplevel [10ms]
2025-01-25 20:50:58.325 [info] > git rev-parse --show-toplevel [3ms]
2025-01-25 20:50:58.808 [info] > git rev-parse --show-toplevel [27ms]
2025-01-25 20:50:59.384 [info] > git rev-parse --show-toplevel [15ms]
2025-01-25 20:50:59.681 [info] > git rev-parse --show-toplevel [8ms]
2025-01-25 20:50:59.693 [info] > git rev-parse --show-toplevel [0ms]
2025-01-25 20:50:59.693 [info] > git rev-parse --show-toplevel [0ms]
2025-01-25 20:50:59.732 [info] > git rev-parse --show-toplevel [8ms]
2025-01-25 20:50:59.753 [info] > git rev-parse --show-toplevel [12ms]
2025-01-25 20:50:59.765 [info] > git rev-parse --show-toplevel [0ms]
2025-01-25 20:50:59.792 [info] > git rev-parse --show-toplevel [7ms]
2025-01-25 20:51:12.466 [info] > git rev-parse --show-toplevel [3ms]
2025-01-25 20:51:12.707 [info] > git rev-parse --show-toplevel [10ms]
2025-01-25 20:51:13.163 [info] > git rev-parse --show-toplevel [4ms]
2025-01-25 20:51:13.368 [info] > git rev-parse --show-toplevel [7ms]
2025-01-25 20:51:13.725 [info] > git rev-parse --show-toplevel [0ms]
2025-01-25 20:51:14.456 [info] > git rev-parse --show-toplevel [0ms]
2025-01-25 20:51:14.727 [info] > git rev-parse --show-toplevel [14ms]
2025-01-25 20:51:14.749 [info] > git rev-parse --show-toplevel [2ms]
2025-01-25 20:51:14.768 [info] > git rev-parse --show-toplevel [2ms]
2025-01-25 20:51:14.790 [info] > git rev-parse --show-toplevel [6ms]
2025-01-25 20:51:14.810 [info] > git rev-parse --show-toplevel [0ms]
2025-01-25 20:51:14.835 [info] > git rev-parse --show-toplevel [2ms]
2025-01-25 20:53:12.034 [info] > git rev-parse --show-toplevel [2ms]
2025-01-25 20:53:12.269 [info] > git rev-parse --show-toplevel [12ms]
2025-01-25 20:53:12.727 [info] > git rev-parse --show-toplevel [6ms]
2025-01-25 20:53:12.929 [info] > git rev-parse --show-toplevel [2ms]
2025-01-25 20:53:13.213 [info] > git rev-parse --show-toplevel [2ms]
2025-01-25 20:53:13.913 [info] > git rev-parse --show-toplevel [5ms]
2025-01-25 20:53:14.307 [info] > git rev-parse --show-toplevel [3ms]
2025-01-25 20:53:14.336 [info] > git rev-parse --show-toplevel [4ms]
2025-01-25 20:53:14.366 [info] > git rev-parse --show-toplevel [9ms]
2025-01-25 20:53:14.398 [info] > git rev-parse --show-toplevel [0ms]
2025-01-25 20:53:14.458 [info] > git rev-parse --show-toplevel [1ms]
2025-01-25 20:53:14.495 [info] > git rev-parse --show-toplevel [4ms]
2025-01-25 20:53:46.536 [info] > git rev-parse --show-toplevel [3ms]
2025-01-25 20:53:46.979 [info] > git rev-parse --show-toplevel [4ms]
2025-01-25 20:53:47.235 [info] > git rev-parse --show-toplevel [28ms]
2025-01-25 20:53:47.347 [info] > git rev-parse --show-toplevel [1ms]
2025-01-25 20:53:47.605 [info] > git rev-parse --show-toplevel [2ms]
2025-01-25 20:53:48.029 [info] > git rev-parse --show-toplevel [14ms]
2025-01-25 20:53:48.057 [info] > git rev-parse --show-toplevel [4ms]
2025-01-25 20:53:48.072 [info] > git rev-parse --show-toplevel [0ms]
2025-01-25 20:53:48.084 [info] > git rev-parse --show-toplevel [1ms]
2025-01-25 20:53:48.098 [info] > git rev-parse --show-toplevel [2ms]
2025-01-25 20:54:22.013 [info] > git rev-parse --show-toplevel [5ms]
2025-01-25 20:54:22.366 [info] > git rev-parse --show-toplevel [16ms]
2025-01-25 20:54:23.032 [info] > git rev-parse --show-toplevel [2ms]
2025-01-25 20:54:23.767 [info] > git rev-parse --show-toplevel [0ms]
2025-01-25 20:54:24.754 [info] > git rev-parse --show-toplevel [2ms]
2025-01-25 20:54:24.855 [info] > git rev-parse --show-toplevel [1ms]
2025-01-25 20:54:24.878 [info] > git rev-parse --show-toplevel [5ms]
2025-01-25 20:54:24.894 [info] > git rev-parse --show-toplevel [2ms]
2025-01-25 20:56:20.446 [info] > git rev-parse --show-toplevel [6ms]
2025-01-25 20:56:20.747 [info] > git rev-parse --show-toplevel [4ms]
2025-01-25 20:56:20.983 [info] > git rev-parse --show-toplevel [6ms]
2025-01-25 20:56:21.398 [info] > git rev-parse --show-toplevel [44ms]
2025-01-25 20:56:21.511 [info] > git rev-parse --show-toplevel [10ms]
2025-01-25 20:56:21.729 [info] > git rev-parse --show-toplevel [4ms]
2025-01-25 20:56:22.352 [info] > git rev-parse --show-toplevel [4ms]
2025-01-25 20:56:22.772 [info] > git rev-parse --show-toplevel [11ms]
2025-01-25 20:56:22.797 [info] > git rev-parse --show-toplevel [0ms]
2025-01-25 20:56:22.816 [info] > git rev-parse --show-toplevel [2ms]
2025-01-25 20:56:22.830 [info] > git rev-parse --show-toplevel [1ms]
2025-01-25 20:56:22.847 [info] > git rev-parse --show-toplevel [1ms]
2025-01-25 20:56:22.877 [info] > git rev-parse --show-toplevel [16ms]
2025-01-25 20:56:22.892 [info] > git rev-parse --show-toplevel [1ms]
2025-01-25 20:57:15.678 [info] > git rev-parse --show-toplevel [6ms]
2025-01-25 20:57:16.310 [info] > git rev-parse --show-toplevel [3ms]
2025-01-25 20:57:16.963 [info] > git rev-parse --show-toplevel [3ms]
2025-01-25 20:57:16.980 [info] > git rev-parse --show-toplevel [1ms]
2025-01-25 20:57:59.736 [info] > git rev-parse --show-toplevel [4ms]
2025-01-25 20:57:59.944 [info] > git rev-parse --show-toplevel [3ms]
2025-01-25 20:58:00.181 [info] > git rev-parse --show-toplevel [7ms]
2025-01-25 20:58:00.464 [info] > git rev-parse --show-toplevel [18ms]
2025-01-25 20:58:00.823 [info] > git rev-parse --show-toplevel [6ms]
2025-01-25 20:58:01.347 [info] > git rev-parse --show-toplevel [2ms]
2025-01-25 20:58:01.755 [info] > git rev-parse --show-toplevel [9ms]
2025-01-25 20:58:01.943 [info] > git rev-parse --show-toplevel [3ms]
2025-01-25 20:58:02.317 [info] > git rev-parse --show-toplevel [3ms]
2025-01-25 20:58:02.929 [info] > git rev-parse --show-toplevel [7ms]
2025-01-25 20:58:03.687 [info] > git rev-parse --show-toplevel [28ms]
2025-01-25 20:58:03.721 [info] > git rev-parse --show-toplevel [1ms]
2025-01-25 20:58:03.737 [info] > git rev-parse --show-toplevel [4ms]
2025-01-25 20:58:03.749 [info] > git rev-parse --show-toplevel [0ms]
2025-01-25 20:58:03.765 [info] > git rev-parse --show-toplevel [1ms]
2025-01-25 20:58:03.784 [info] > git rev-parse --show-toplevel [1ms]
2025-01-25 20:58:03.799 [info] > git rev-parse --show-toplevel [7ms]
2025-01-25 20:58:03.817 [info] > git rev-parse --show-toplevel [1ms]
2025-01-25 20:58:03.831 [info] > git rev-parse --show-toplevel [1ms]
2025-01-25 20:58:03.845 [info] > git rev-parse --show-toplevel [2ms]
2025-01-25 20:58:47.357 [info] > git rev-parse --show-toplevel [0ms]
2025-01-25 20:58:47.524 [info] > git rev-parse --show-toplevel [3ms]
2025-01-25 20:58:47.759 [info] > git rev-parse --show-toplevel [8ms]
2025-01-25 20:58:47.952 [info] > git rev-parse --show-toplevel [5ms]
2025-01-25 20:58:48.183 [info] > git rev-parse --show-toplevel [7ms]
2025-01-25 20:58:48.473 [info] > git rev-parse --show-toplevel [4ms]
2025-01-25 20:58:48.871 [info] > git rev-parse --show-toplevel [8ms]
2025-01-25 20:58:49.256 [info] > git rev-parse --show-toplevel [1ms]
2025-01-25 20:58:49.426 [info] > git rev-parse --show-toplevel [13ms]
2025-01-25 20:58:49.679 [info] > git rev-parse --show-toplevel [0ms]
2025-01-25 20:58:50.249 [info] > git rev-parse --show-toplevel [10ms]
2025-01-25 20:58:51.057 [info] > git rev-parse --show-toplevel [18ms]
2025-01-25 20:58:51.076 [info] > git rev-parse --show-toplevel [2ms]
2025-01-25 20:58:51.101 [info] > git rev-parse --show-toplevel [4ms]
2025-01-25 20:58:51.123 [info] > git rev-parse --show-toplevel [2ms]
2025-01-25 20:58:51.138 [info] > git rev-parse --show-toplevel [0ms]
2025-01-25 20:58:51.153 [info] > git rev-parse --show-toplevel [3ms]
2025-01-25 20:58:51.164 [info] > git rev-parse --show-toplevel [0ms]
2025-01-25 20:58:51.183 [info] > git rev-parse --show-toplevel [2ms]
2025-01-25 20:58:51.198 [info] > git rev-parse --show-toplevel [2ms]
2025-01-25 20:58:51.213 [info] > git rev-parse --show-toplevel [3ms]
2025-01-25 20:58:51.227 [info] > git rev-parse --show-toplevel [1ms]
2025-01-25 20:59:55.485 [info] > git rev-parse --show-toplevel [4ms]
2025-01-25 20:59:56.357 [info] > git rev-parse --show-toplevel [6ms]
2025-01-25 20:59:56.770 [info] > git rev-parse --show-toplevel [4ms]
2025-01-25 20:59:57.167 [info] > git rev-parse --show-toplevel [2ms]
2025-01-25 20:59:57.553 [info] > git rev-parse --show-toplevel [7ms]
2025-01-25 20:59:57.787 [info] > git rev-parse --show-toplevel [2ms]
2025-01-25 20:59:58.741 [info] > git rev-parse --show-toplevel [9ms]
2025-01-25 20:59:58.753 [info] > git rev-parse --show-toplevel [0ms]
2025-01-25 20:59:58.785 [info] > git rev-parse --show-toplevel [3ms]
2025-01-25 20:59:58.806 [info] > git rev-parse --show-toplevel [0ms]
2025-01-25 20:59:58.822 [info] > git rev-parse --show-toplevel [1ms]
2025-01-25 20:59:58.836 [info] > git rev-parse --show-toplevel [1ms]
2025-01-25 21:01:27.899 [info] > git rev-parse --show-toplevel [5ms]
2025-01-25 21:01:27.987 [info] > git rev-parse --show-toplevel [2ms]
2025-01-25 21:01:28.115 [info] > git rev-parse --show-toplevel [7ms]
2025-01-25 21:01:28.547 [info] > git rev-parse --show-toplevel [1ms]
2025-01-25 21:01:29.392 [info] > git rev-parse --show-toplevel [3ms]
2025-01-25 21:01:29.680 [info] > git rev-parse --show-toplevel [8ms]
2025-01-25 21:01:30.120 [info] > git rev-parse --show-toplevel [0ms]
2025-01-25 21:01:30.646 [info] > git rev-parse --show-toplevel [0ms]
2025-01-25 21:01:30.888 [info] > git rev-parse --show-toplevel [4ms]
2025-01-25 21:01:31.254 [info] > git rev-parse --show-toplevel [0ms]
2025-01-25 21:01:31.993 [info] > git rev-parse --show-toplevel [27ms]
2025-01-25 21:01:32.018 [info] > git rev-parse --show-toplevel [2ms]
2025-01-25 21:01:32.037 [info] > git rev-parse --show-toplevel [2ms]
2025-01-25 21:01:32.051 [info] > git rev-parse --show-toplevel [2ms]
2025-01-25 21:01:32.065 [info] > git rev-parse --show-toplevel [2ms]
2025-01-25 21:01:32.078 [info] > git rev-parse --show-toplevel [1ms]
2025-01-25 21:01:32.091 [info] > git rev-parse --show-toplevel [2ms]
2025-01-25 21:01:32.114 [info] > git rev-parse --show-toplevel [1ms]
2025-01-25 21:01:32.127 [info] > git rev-parse --show-toplevel [2ms]
2025-01-25 21:01:32.142 [info] > git rev-parse --show-toplevel [2ms]
2025-01-25 21:02:37.371 [info] > git rev-parse --show-toplevel [6ms]
2025-01-25 21:02:37.591 [info] > git rev-parse --show-toplevel [10ms]
2025-01-25 21:02:37.885 [info] > git rev-parse --show-toplevel [17ms]
2025-01-25 21:02:38.449 [info] > git rev-parse --show-toplevel [4ms]
2025-01-25 21:02:38.685 [info] > git rev-parse --show-toplevel [4ms]
2025-01-25 21:02:39.133 [info] > git rev-parse --show-toplevel [3ms]
2025-01-25 21:02:39.589 [info] > git rev-parse --show-toplevel [7ms]
2025-01-25 21:02:39.710 [info] > git rev-parse --show-toplevel [4ms]
2025-01-25 21:02:39.988 [info] > git rev-parse --show-toplevel [0ms]
2025-01-25 21:02:40.766 [info] > git rev-parse --show-toplevel [6ms]
2025-01-25 21:02:40.795 [info] > git rev-parse --show-toplevel [0ms]
2025-01-25 21:02:40.823 [info] > git rev-parse --show-toplevel [3ms]
2025-01-25 21:02:40.842 [info] > git rev-parse --show-toplevel [3ms]
2025-01-25 21:02:40.857 [info] > git rev-parse --show-toplevel [2ms]
2025-01-25 21:02:40.870 [info] > git rev-parse --show-toplevel [2ms]
2025-01-25 21:02:40.883 [info] > git rev-parse --show-toplevel [1ms]
2025-01-25 21:02:40.896 [info] > git rev-parse --show-toplevel [1ms]
2025-01-25 21:02:40.910 [info] > git rev-parse --show-toplevel [2ms]
2025-01-25 21:02:46.700 [info] > git rev-parse --show-toplevel [3ms]
2025-01-25 21:02:46.964 [info] > git rev-parse --show-toplevel [5ms]
2025-01-25 21:02:47.613 [info] > git rev-parse --show-toplevel [6ms]
2025-01-25 21:02:48.056 [info] > git rev-parse --show-toplevel [0ms]
2025-01-25 21:02:48.228 [info] > git rev-parse --show-toplevel [8ms]
2025-01-25 21:02:48.521 [info] > git rev-parse --show-toplevel [0ms]
2025-01-25 21:02:49.119 [info] > git rev-parse --show-toplevel [0ms]
2025-01-25 21:02:49.821 [info] > git rev-parse --show-toplevel [7ms]
2025-01-25 21:02:49.848 [info] > git rev-parse --show-toplevel [3ms]
2025-01-25 21:02:49.866 [info] > git rev-parse --show-toplevel [4ms]
2025-01-25 21:02:49.874 [info] > git rev-parse --show-toplevel [0ms]
2025-01-25 21:02:49.895 [info] > git rev-parse --show-toplevel [2ms]
2025-01-25 21:02:49.907 [info] > git rev-parse --show-toplevel [1ms]
2025-01-25 21:02:49.921 [info] > git rev-parse --show-toplevel [2ms]
2025-01-25 21:03:36.745 [info] > git rev-parse --show-toplevel [9ms]
2025-01-25 21:03:36.886 [info] > git rev-parse --show-toplevel [6ms]
2025-01-25 21:03:37.353 [info] > git rev-parse --show-toplevel [5ms]
2025-01-25 21:03:38.068 [info] > git rev-parse --show-toplevel [1ms]
2025-01-25 21:03:40.536 [info] > git rev-parse --show-toplevel [2ms]
2025-01-25 21:03:41.995 [info] > git rev-parse --show-toplevel [3ms]
2025-01-25 21:03:42.659 [info] > git rev-parse --show-toplevel [12ms]
2025-01-25 21:03:42.712 [info] > git rev-parse --show-toplevel [8ms]
2025-01-25 21:03:42.765 [info] > git rev-parse --show-toplevel [6ms]
2025-01-25 21:03:42.801 [info] > git rev-parse --show-toplevel [2ms]
2025-01-25 21:03:42.818 [info] > git rev-parse --show-toplevel [1ms]
2025-01-25 21:03:42.831 [info] > git rev-parse --show-toplevel [0ms]
2025-01-25 21:06:22.541 [info] > git rev-parse --show-toplevel [49ms]
2025-01-25 21:06:22.885 [info] > git rev-parse --show-toplevel [2ms]
2025-01-25 21:06:23.161 [info] > git rev-parse --show-toplevel [51ms]
2025-01-25 21:06:23.805 [info] > git rev-parse --show-toplevel [2ms]
2025-01-25 21:06:23.952 [info] > git rev-parse --show-toplevel [3ms]
2025-01-25 21:06:24.206 [info] > git rev-parse --show-toplevel [18ms]
2025-01-25 21:06:24.517 [info] > git rev-parse --show-toplevel [3ms]
2025-01-25 21:06:24.969 [info] > git rev-parse --show-toplevel [13ms]
2025-01-25 21:06:24.989 [info] > git rev-parse --show-toplevel [4ms]
2025-01-25 21:06:25.000 [info] > git rev-parse --show-toplevel [0ms]
2025-01-25 21:06:25.013 [info] > git rev-parse --show-toplevel [0ms]
2025-01-25 21:06:25.026 [info] > git rev-parse --show-toplevel [2ms]
2025-01-25 21:06:25.038 [info] > git rev-parse --show-toplevel [1ms]
2025-01-25 21:06:25.051 [info] > git rev-parse --show-toplevel [8ms]
2025-01-25 21:07:17.145 [info] > git rev-parse --show-toplevel [12ms]
2025-01-25 21:07:17.224 [info] > git rev-parse --show-toplevel [2ms]
2025-01-25 21:07:17.708 [info] > git rev-parse --show-toplevel [4ms]
2025-01-25 21:07:18.338 [info] > git rev-parse --show-toplevel [16ms]
2025-01-25 21:07:18.657 [info] > git rev-parse --show-toplevel [4ms]
2025-01-25 21:07:19.160 [info] > git rev-parse --show-toplevel [5ms]
2025-01-25 21:07:19.184 [info] > git rev-parse --show-toplevel [1ms]
2025-01-25 21:07:19.206 [info] > git rev-parse --show-toplevel [2ms]
2025-01-25 21:07:19.226 [info] > git rev-parse --show-toplevel [3ms]
2025-01-25 21:07:19.242 [info] > git rev-parse --show-toplevel [0ms]
2025-01-25 21:09:04.053 [info] > git rev-parse --show-toplevel [29ms]
2025-01-25 21:09:04.113 [info] > git rev-parse --show-toplevel [4ms]
2025-01-25 21:09:04.129 [info] > git rev-parse --show-toplevel [1ms]
2025-01-25 21:09:04.144 [info] > git rev-parse --show-toplevel [2ms]
2025-01-25 21:09:04.157 [info] > git rev-parse --show-toplevel [1ms]
2025-01-25 21:09:04.171 [info] > git rev-parse --show-toplevel [2ms]
2025-01-25 21:09:04.184 [info] > git rev-parse --show-toplevel [1ms]
2025-01-25 21:09:08.059 [info] > git rev-parse --show-toplevel [3ms]
2025-01-25 21:09:08.094 [info] > git rev-parse --show-toplevel [0ms]
2025-01-25 21:09:08.114 [info] > git rev-parse --show-toplevel [0ms]
2025-01-25 21:09:08.131 [info] > git rev-parse --show-toplevel [0ms]
2025-01-25 21:09:08.146 [info] > git rev-parse --show-toplevel [2ms]
2025-01-25 21:09:08.158 [info] > git rev-parse --show-toplevel [2ms]
2025-01-25 21:09:34.545 [info] > git rev-parse --show-toplevel [3ms]
2025-01-25 21:09:34.579 [info] > git rev-parse --show-toplevel [3ms]
2025-01-25 21:09:34.592 [info] > git rev-parse --show-toplevel [0ms]
2025-01-25 21:09:34.617 [info] > git rev-parse --show-toplevel [3ms]
2025-01-25 21:09:34.637 [info] > git rev-parse --show-toplevel [2ms]
2025-01-25 21:09:40.637 [info] > git rev-parse --show-toplevel [5ms]
2025-01-25 21:09:40.900 [info] > git rev-parse --show-toplevel [10ms]
2025-01-25 21:09:41.205 [info] > git rev-parse --show-toplevel [3ms]
2025-01-25 21:09:41.474 [info] > git rev-parse --show-toplevel [0ms]
2025-01-25 21:09:41.818 [info] > git rev-parse --show-toplevel [2ms]
2025-01-25 21:09:42.517 [info] > git rev-parse --show-toplevel [3ms]
2025-01-25 21:09:43.228 [info] > git rev-parse --show-toplevel [5ms]
2025-01-25 21:09:43.253 [info] > git rev-parse --show-toplevel [3ms]
2025-01-25 21:09:43.281 [info] > git rev-parse --show-toplevel [0ms]
2025-01-25 21:09:43.298 [info] > git rev-parse --show-toplevel [2ms]
2025-01-25 21:09:43.310 [info] > git rev-parse --show-toplevel [1ms]
2025-01-25 21:09:43.323 [info] > git rev-parse --show-toplevel [1ms]
2025-01-25 21:10:08.620 [info] > git rev-parse --show-toplevel [1ms]
2025-01-25 21:10:08.861 [info] > git rev-parse --show-toplevel [4ms]
2025-01-25 21:10:08.967 [info] > git rev-parse --show-toplevel [3ms]
2025-01-25 21:10:09.216 [info] > git rev-parse --show-toplevel [3ms]
2025-01-25 21:10:09.673 [info] > git rev-parse --show-toplevel [10ms]
2025-01-25 21:10:10.488 [info] > git rev-parse --show-toplevel [2ms]
2025-01-25 21:10:10.511 [info] > git rev-parse --show-toplevel [3ms]
2025-01-25 21:10:10.527 [info] > git rev-parse --show-toplevel [2ms]
2025-01-25 21:10:10.539 [info] > git rev-parse --show-toplevel [1ms]
2025-01-25 21:10:10.552 [info] > git rev-parse --show-toplevel [2ms]
